# JRE version: Java(TM) SE Runtime Environment (8.0_121-b13) (build 1.8.0_121-b13)
# Java VM: Java HotSpot(TM) 64-Bit Server VM (25.121-b13 mixed mode linux-amd64 compressed oops)
Heap:
 PSYoungGen      total 104960K, used 6415K [0x00000000f0700000, 0x00000000f8000000, 0x0000000100000000)
  eden space 92160K, 0% used [0x00000000f0700000,0x00000000f0700000,0x00000000f6100000)
  from space 12800K, 50% used [0x00000000f6100000,0x00000000f6743d48,0x00000000f6d80000)
  to   space 6656K, 0% used [0x00000000f6d80000,0x00000000f6d80000,0x00000000f7400000)
 ParOldGen       total 32768K, used 19917K [0x00000000d1400000, 0x00000000d3400000, 0x00000000f0700000)
  object space 32768K, 60% used [0x00000000d1400000,0x00000000d2773448,0x00000000d3400000)
 Metaspace       used 20772K, capacity 21080K, committed 21248K, reserved 1067008K
  class space    used 2639K, capacity 2728K, committed 2816K, reserved 1048576K
GC Heap History (10 events):
Event: 0.752 GC heap after
Heap after GC invocations=2 (full 0):
 PSYoungGen      total 26624K, used 2032K [0x00000000f0700000, 0x00000000f2300000, 0x0000000100000000)
  eden space 24576K, 0% used [0x00000000f0700000,0x00000000f0700000,0x00000000f1f00000)
  from space 2048K, 99% used [0x00000000f2100000,0x00000000f22fc220,0x00000000f2300000)
  to   space 2048K, 0% used [0x00000000f1f00000,0x00000000f1f00000,0x00000000f2100000)
 ParOldGen       total 32768K, used 1345K [0x00000000d1400000, 0x00000000d3400000, 0x00000000f0700000)
  object space 32768K, 4% used [0x00000000d1400000,0x00000000d1550430,0x00000000d3400000)
 Metaspace       used 8005K, capacity 8088K, committed 8192K, reserved 1056768K
  class space    used 939K, capacity 976K, committed 1024K, reserved 1048576K
}
Event: 1.157 GC heap before
{Heap before GC invocations=3 (full 0):
 PSYoungGen      total 26624K, used 26608K [0x00000000f0700000, 0x00000000f2300000, 0x0000000100000000)
  eden space 24576K, 100% used [0x00000000f0700000,0x00000000f1f00000,0x00000000f1f00000)
  from space 2048K, 99% used [0x00000000f2100000,0x00000000f22fc220,0x00000000f2300000)
  to   space 2048K, 0% used [0x00000000f1f00000,0x00000000f1f00000,0x00000000f2100000)
 ParOldGen       total 32768K, used 1345K [0x00000000d1400000, 0x00000000d3400000, 0x00000000f0700000)
  object space 32768K, 4% used [0x00000000d1400000,0x00000000d1550430,0x00000000d3400000)
 Metaspace       used 11709K, capacity 11864K, committed 12032K, reserved 1060864K
  class space    used 1443K, capacity 1504K, committed 1536K, reserved 1048576K
Event: 1.165 GC heap after
Heap after GC invocations=3 (full 0):
 PSYoungGen      total 26624K, used 2016K [0x00000000f0700000, 0x00000000f3b00000, 0x0000000100000000)
  eden space 24576K, 0% used [0x00000000f0700000,0x00000000f0700000,0x00000000f1f00000)
  from space 2048K, 98% used [0x00000000f1f00000,0x00000000f20f8020,0x00000000f2100000)
  to   space 2048K, 0% used [0x00000000f3900000,0x00000000f3900000,0x00000000f3b00000)
 ParOldGen       total 32768K, used 4047K [0x00000000d1400000, 0x00000000d3400000, 0x00000000f0700000)
  object space 32768K, 12% used [0x00000000d1400000,0x00000000d17f3df8,0x00000000d3400000)
 Metaspace       used 11709K, capacity 11864K, committed 12032K, reserved 1060864K
  class space    used 1443K, capacity 1504K, committed 1536K, reserved 1048576K
}
Event: 1.518 GC heap before
{Heap before GC invocations=4 (full 0):
 PSYoungGen      total 26624K, used 26592K [0x00000000f0700000, 0x00000000f3b00000, 0x0000000100000000)
  eden space 24576K, 100% used [0x00000000f0700000,0x00000000f1f00000,0x00000000f1f00000)
  from space 2048K, 98% used [0x00000000f1f00000,0x00000000f20f8020,0x00000000f2100000)
  to   space 2048K, 0% used [0x00000000f3900000,0x00000000f3900000,0x00000000f3b00000)
 ParOldGen       total 32768K, used 4047K [0x00000000d1400000, 0x00000000d3400000, 0x00000000f0700000)
  object space 32768K, 12% used [0x00000000d1400000,0x00000000d17f3df8,0x00000000d3400000)
 Metaspace       used 14348K, capacity 14568K, committed 14720K, reserved 1062912K
  class space    used 1772K, capacity 1868K, committed 1920K, reserved 1048576K
Event: 1.525 GC heap after
Heap after GC invocations=4 (full 0):
 PSYoungGen      total 51200K, used 2016K [0x00000000f0700000, 0x00000000f3b00000, 0x0000000100000000)
  eden space 49152K, 0% used [0x00000000f0700000,0x00000000f0700000,0x00000000f3700000)
  from space 2048K, 98% used [0x00000000f3900000,0x00000000f3af8010,0x00000000f3b00000)
  to   space 2048K, 0% used [0x00000000f3700000,0x00000000f3700000,0x00000000f3900000)
 ParOldGen       total 32768K, used 6763K [0x00000000d1400000, 0x00000000d3400000, 0x00000000f0700000)
  object space 32768K, 20% used [0x00000000d1400000,0x00000000d1a9af90,0x00000000d3400000)
 Metaspace       used 14348K, capacity 14568K, committed 14720K, reserved 1062912K
  class space    used 1772K, capacity 1868K, committed 1920K, reserved 1048576K
}
Event: 2.201 GC heap before
{Heap before GC invocations=5 (full 0):
 PSYoungGen      total 51200K, used 51168K [0x00000000f0700000, 0x00000000f3b00000, 0x0000000100000000)
  eden space 49152K, 100% used [0x00000000f0700000,0x00000000f3700000,0x00000000f3700000)
  from space 2048K, 98% used [0x00000000f3900000,0x00000000f3af8010,0x00000000f3b00000)
  to   space 2048K, 0% used [0x00000000f3700000,0x00000000f3700000,0x00000000f3900000)
 ParOldGen       total 32768K, used 6763K [0x00000000d1400000, 0x00000000d3400000, 0x00000000f0700000)
  object space 32768K, 20% used [0x00000000d1400000,0x00000000d1a9af90,0x00000000d3400000)
 Metaspace       used 18780K, capacity 19096K, committed 19200K, reserved 1067008K
  class space    used 2433K, capacity 2536K, committed 2560K, reserved 1048576K
Event: 2.221 GC heap after
Heap after GC invocations=5 (full 0):
 PSYoungGen      total 51200K, used 2016K [0x00000000f0700000, 0x00000000f7400000, 0x0000000100000000)
  eden space 49152K, 0% used [0x00000000f0700000,0x00000000f0700000,0x00000000f3700000)
  from space 2048K, 98% used [0x00000000f3700000,0x00000000f38f8020,0x00000000f3900000)
  to   space 6656K, 0% used [0x00000000f6d80000,0x00000000f6d80000,0x00000000f7400000)
 ParOldGen       total 32768K, used 9920K [0x00000000d1400000, 0x00000000d3400000, 0x00000000f0700000)
  object space 32768K, 30% used [0x00000000d1400000,0x00000000d1db0328,0x00000000d3400000)
 Metaspace       used 18780K, capacity 19096K, committed 19200K, reserved 1067008K
  class space    used 2433K, capacity 2536K, committed 2560K, reserved 1048576K
}
Event: 3.003 GC heap before
{Heap before GC invocations=6 (full 0):
 PSYoungGen      total 51200K, used 51168K [0x00000000f0700000, 0x00000000f7400000, 0x0000000100000000)
  eden space 49152K, 100% used [0x00000000f0700000,0x00000000f3700000,0x00000000f3700000)
  from space 2048K, 98% used [0x00000000f3700000,0x00000000f38f8020,0x00000000f3900000)
  to   space 6656K, 0% used [0x00000000f6d80000,0x00000000f6d80000,0x00000000f7400000)
 ParOldGen       total 32768K, used 9920K [0x00000000d1400000, 0x00000000d3400000, 0x00000000f0700000)
  object space 32768K, 30% used [0x00000000d1400000,0x00000000d1db0328,0x00000000d3400000)
 Metaspace       used 20762K, capacity 21080K, committed 21248K, reserved 1067008K
  class space    used 2637K, capacity 2728K, committed 2816K, reserved 1048576K
Event: 3.107 GC heap after
Heap after GC invocations=6 (full 0):
 PSYoungGen      total 98816K, used 6639K [0x00000000f0700000, 0x00000000f8000000, 0x0000000100000000)
  eden space 92160K, 0% used [0x00000000f0700000,0x00000000f0700000,0x00000000f6100000)
  from space 6656K, 99% used [0x00000000f6d80000,0x00000000f73fbd68,0x00000000f7400000)
  to   space 12800K, 0% used [0x00000000f6100000,0x00000000f6100000,0x00000000f6d80000)
 ParOldGen       total 32768K, used 19452K [0x00000000d1400000, 0x00000000d3400000, 0x00000000f0700000)
  object space 32768K, 59% used [0x00000000d1400000,0x00000000d26ff080,0x00000000d3400000)
 Metaspace       used 20762K, capacity 21080K, committed 21248K, reserved 1067008K
  class space    used 2637K, capacity 2728K, committed 2816K, reserved 1048576K
}
Event: 3.226 GC heap before
{Heap before GC invocations=7 (full 0):
 PSYoungGen      total 98816K, used 8004K [0x00000000f0700000, 0x00000000f8000000, 0x0000000100000000)
  eden space 92160K, 1% used [0x00000000f0700000,0x00000000f08552b8,0x00000000f6100000)
  from space 6656K, 99% used [0x00000000f6d80000,0x00000000f73fbd68,0x00000000f7400000)
  to   space 12800K, 0% used [0x00000000f6100000,0x00000000f6100000,0x00000000f6d80000)
 ParOldGen       total 32768K, used 19452K [0x00000000d1400000, 0x00000000d3400000, 0x00000000f0700000)
  object space 32768K, 59% used [0x00000000d1400000,0x00000000d26ff080,0x00000000d3400000)
 Metaspace       used 20772K, capacity 21080K, committed 21248K, reserved 1067008K
  class space    used 2639K, capacity 2728K, committed 2816K, reserved 1048576K

