# JRE version: Java(TM) SE Runtime Environment (8.0_121-b13) (build 1.8.0_121-b13)
# Java VM: Java HotSpot(TM) 64-Bit Server VM (25.121-b13 mixed mode linux-amd64 compressed oops)
Heap:
 PSYoungGen      total 100352K, used 8987K [0x00000000f0700000, 0x00000000faf80000, 0x0000000100000000)
  eden space 94208K, 6% used [0x00000000f0700000,0x00000000f0d49848,0x00000000f6300000)
  from space 6144K, 41% used [0x00000000f6300000,0x00000000f657d668,0x00000000f6900000)
  to   space 20480K, 0% used [0x00000000f9b80000,0x00000000f9b80000,0x00000000faf80000)
 ParOldGen       total 81920K, used 40317K [0x00000000d1400000, 0x00000000d6400000, 0x00000000f0700000)
  object space 81920K, 49% used [0x00000000d1400000,0x00000000d3b5f740,0x00000000d6400000)
 Metaspace       used 24528K, capacity 25018K, committed 25344K, reserved 1071104K
  class space    used 3120K, capacity 3229K, committed 3328K, reserved 1048576K
GC Heap History (10 events):
Event: 3.335 GC heap before
{Heap before GC invocations=7 (full 0):
 PSYoungGen      total 51712K, used 51678K [0x00000000f0700000, 0x00000000f4400000, 0x0000000100000000)
  eden space 47104K, 99% used [0x00000000f0700000,0x00000000f34ffa70,0x00000000f3500000)
  from space 4608K, 99% used [0x00000000f3b80000,0x00000000f3ff80a0,0x00000000f4000000)
  to   space 6656K, 0% used [0x00000000f3500000,0x00000000f3500000,0x00000000f3b80000)
 ParOldGen       total 32768K, used 7185K [0x00000000d1400000, 0x00000000d3400000, 0x00000000f0700000)
  object space 32768K, 21% used [0x00000000d1400000,0x00000000d1b04750,0x00000000d3400000)
 Metaspace       used 20390K, capacity 20768K, committed 20992K, reserved 1067008K
  class space    used 2627K, capacity 2728K, committed 2816K, reserved 1048576K
Event: 3.347 GC heap after
Heap after GC invocations=7 (full 0):
 PSYoungGen      total 53760K, used 4002K [0x00000000f0700000, 0x00000000f6f00000, 0x0000000100000000)
  eden space 47104K, 0% used [0x00000000f0700000,0x00000000f0700000,0x00000000f3500000)
  from space 6656K, 60% used [0x00000000f3500000,0x00000000f38e8800,0x00000000f3b80000)
  to   space 6144K, 0% used [0x00000000f6900000,0x00000000f6900000,0x00000000f6f00000)
 ParOldGen       total 32768K, used 7969K [0x00000000d1400000, 0x00000000d3400000, 0x00000000f0700000)
  object space 32768K, 24% used [0x00000000d1400000,0x00000000d1bc8558,0x00000000d3400000)
 Metaspace       used 20390K, capacity 20768K, committed 20992K, reserved 1067008K
  class space    used 2627K, capacity 2728K, committed 2816K, reserved 1048576K
}
Event: 3.455 GC heap before
{Heap before GC invocations=8 (full 0):
 PSYoungGen      total 53760K, used 10755K [0x00000000f0700000, 0x00000000f6f00000, 0x0000000100000000)
  eden space 47104K, 14% used [0x00000000f0700000,0x00000000f0d985c8,0x00000000f3500000)
  from space 6656K, 60% used [0x00000000f3500000,0x00000000f38e8800,0x00000000f3b80000)
  to   space 6144K, 0% used [0x00000000f6900000,0x00000000f6900000,0x00000000f6f00000)
 ParOldGen       total 32768K, used 7969K [0x00000000d1400000, 0x00000000d3400000, 0x00000000f0700000)
  object space 32768K, 24% used [0x00000000d1400000,0x00000000d1bc8558,0x00000000d3400000)
 Metaspace       used 20784K, capacity 21120K, committed 21248K, reserved 1067008K
  class space    used 2660K, capacity 2760K, committed 2816K, reserved 1048576K
Event: 3.468 GC heap after
Heap after GC invocations=8 (full 0):
 PSYoungGen      total 100352K, used 3553K [0x00000000f0700000, 0x00000000f6f00000, 0x0000000100000000)
  eden space 94208K, 0% used [0x00000000f0700000,0x00000000f0700000,0x00000000f6300000)
  from space 6144K, 57% used [0x00000000f6900000,0x00000000f6c78418,0x00000000f6f00000)
  to   space 6144K, 0% used [0x00000000f6300000,0x00000000f6300000,0x00000000f6900000)
 ParOldGen       total 32768K, used 8385K [0x00000000d1400000, 0x00000000d3400000, 0x00000000f0700000)
  object space 32768K, 25% used [0x00000000d1400000,0x00000000d1c30558,0x00000000d3400000)
 Metaspace       used 20784K, capacity 21120K, committed 21248K, reserved 1067008K
  class space    used 2660K, capacity 2760K, committed 2816K, reserved 1048576K
}
Event: 3.468 GC heap before
{Heap before GC invocations=9 (full 1):
 PSYoungGen      total 100352K, used 3553K [0x00000000f0700000, 0x00000000f6f00000, 0x0000000100000000)
  eden space 94208K, 0% used [0x00000000f0700000,0x00000000f0700000,0x00000000f6300000)
  from space 6144K, 57% used [0x00000000f6900000,0x00000000f6c78418,0x00000000f6f00000)
  to   space 6144K, 0% used [0x00000000f6300000,0x00000000f6300000,0x00000000f6900000)
 ParOldGen       total 32768K, used 8385K [0x00000000d1400000, 0x00000000d3400000, 0x00000000f0700000)
  object space 32768K, 25% used [0x00000000d1400000,0x00000000d1c30558,0x00000000d3400000)
 Metaspace       used 20784K, capacity 21120K, committed 21248K, reserved 1067008K
  class space    used 2660K, capacity 2760K, committed 2816K, reserved 1048576K
Event: 3.593 GC heap after
Heap after GC invocations=9 (full 1):
 PSYoungGen      total 100352K, used 0K [0x00000000f0700000, 0x00000000f6f00000, 0x0000000100000000)
  eden space 94208K, 0% used [0x00000000f0700000,0x00000000f0700000,0x00000000f6300000)
  from space 6144K, 0% used [0x00000000f6900000,0x00000000f6900000,0x00000000f6f00000)
  to   space 6144K, 0% used [0x00000000f6300000,0x00000000f6300000,0x00000000f6900000)
 ParOldGen       total 27136K, used 6601K [0x00000000d1400000, 0x00000000d2e80000, 0x00000000f0700000)
  object space 27136K, 24% used [0x00000000d1400000,0x00000000d1a727a8,0x00000000d2e80000)
 Metaspace       used 20784K, capacity 21120K, committed 21248K, reserved 1067008K
  class space    used 2660K, capacity 2760K, committed 2816K, reserved 1048576K
}
Event: 5.421 GC heap before
{Heap before GC invocations=10 (full 1):
 PSYoungGen      total 100352K, used 94208K [0x00000000f0700000, 0x00000000f6f00000, 0x0000000100000000)
  eden space 94208K, 100% used [0x00000000f0700000,0x00000000f6300000,0x00000000f6300000)
  from space 6144K, 0% used [0x00000000f6900000,0x00000000f6900000,0x00000000f6f00000)
  to   space 6144K, 0% used [0x00000000f6300000,0x00000000f6300000,0x00000000f6900000)
 ParOldGen       total 27136K, used 6601K [0x00000000d1400000, 0x00000000d2e80000, 0x00000000f0700000)
  object space 27136K, 24% used [0x00000000d1400000,0x00000000d1a727a8,0x00000000d2e80000)
 Metaspace       used 23776K, capacity 24136K, committed 24448K, reserved 1071104K
  class space    used 3010K, capacity 3113K, committed 3200K, reserved 1048576K
Event: 5.736 GC heap after
Heap after GC invocations=10 (full 1):
 PSYoungGen      total 100352K, used 6136K [0x00000000f0700000, 0x00000000faf80000, 0x0000000100000000)
  eden space 94208K, 0% used [0x00000000f0700000,0x00000000f0700000,0x00000000f6300000)
  from space 6144K, 99% used [0x00000000f6300000,0x00000000f68fe308,0x00000000f6900000)
  to   space 20480K, 0% used [0x00000000f9b80000,0x00000000f9b80000,0x00000000faf80000)
 ParOldGen       total 40448K, used 40292K [0x00000000d1400000, 0x00000000d3b80000, 0x00000000f0700000)
  object space 40448K, 99% used [0x00000000d1400000,0x00000000d3b59378,0x00000000d3b80000)
 Metaspace       used 23776K, capacity 24136K, committed 24448K, reserved 1071104K
  class space    used 3010K, capacity 3113K, committed 3200K, reserved 1048576K
}
Event: 5.736 GC heap before
{Heap before GC invocations=11 (full 2):
 PSYoungGen      total 100352K, used 6136K [0x00000000f0700000, 0x00000000faf80000, 0x0000000100000000)
  eden space 94208K, 0% used [0x00000000f0700000,0x00000000f0700000,0x00000000f6300000)
  from space 6144K, 99% used [0x00000000f6300000,0x00000000f68fe308,0x00000000f6900000)
  to   space 20480K, 0% used [0x00000000f9b80000,0x00000000f9b80000,0x00000000faf80000)
 ParOldGen       total 40448K, used 40292K [0x00000000d1400000, 0x00000000d3b80000, 0x00000000f0700000)
  object space 40448K, 99% used [0x00000000d1400000,0x00000000d3b59378,0x00000000d3b80000)
 Metaspace       used 23776K, capacity 24136K, committed 24448K, reserved 1071104K
  class space    used 3010K, capacity 3113K, committed 3200K, reserved 1048576K
Event: 5.864 GC heap after
Heap after GC invocations=11 (full 2):
 PSYoungGen      total 100352K, used 2549K [0x00000000f0700000, 0x00000000faf80000, 0x0000000100000000)
  eden space 94208K, 0% used [0x00000000f0700000,0x00000000f0700000,0x00000000f6300000)
  from space 6144K, 41% used [0x00000000f6300000,0x00000000f657d668,0x00000000f6900000)
  to   space 20480K, 0% used [0x00000000f9b80000,0x00000000f9b80000,0x00000000faf80000)
 ParOldGen       total 81920K, used 40317K [0x00000000d1400000, 0x00000000d6400000, 0x00000000f0700000)
  object space 81920K, 49% used [0x00000000d1400000,0x00000000d3b5f740,0x00000000d6400000)
 Metaspace       used 23776K, capacity 24136K, committed 24448K, reserved 1071104K
  class space    used 3010K, capacity 3113K, committed 3200K, reserved 1048576K
}

