# JRE version: Java(TM) SE Runtime Environment (8.0_121-b13) (build 1.8.0_121-b13)
# Java VM: Java HotSpot(TM) 64-Bit Server VM (25.121-b13 mixed mode linux-amd64 compressed oops)
Heap:
 PSYoungGen      total 104960K, used 7679K [0x00000000f0700000, 0x00000000f7600000, 0x0000000100000000)
  eden space 97280K, 0% used [0x00000000f0700000,0x00000000f0700000,0x00000000f6600000)
  from space 7680K, 99% used [0x00000000f6600000,0x00000000f6d7fdd0,0x00000000f6d80000)
  to   space 6656K, 0% used [0x00000000f6d80000,0x00000000f6d80000,0x00000000f7400000)
 ParOldGen       total 33280K, used 22002K [0x00000000d1400000, 0x00000000d3480000, 0x00000000f0700000)
  object space 33280K, 66% used [0x00000000d1400000,0x00000000d297c8c0,0x00000000d3480000)
 Metaspace       used 24526K, capacity 25026K, committed 25264K, reserved 1071104K
  class space    used 2833K, capacity 2946K, committed 2992K, reserved 1048576K
GC Heap History (10 events):
Event: 1.851 GC heap after
Heap after GC invocations=5 (full 0):
 PSYoungGen      total 26624K, used 2032K [0x00000000f0700000, 0x00000000f4200000, 0x0000000100000000)
  eden space 24576K, 0% used [0x00000000f0700000,0x00000000f0700000,0x00000000f1f00000)
  from space 2048K, 99% used [0x00000000f1f00000,0x00000000f20fc030,0x00000000f2100000)
  to   space 5632K, 0% used [0x00000000f3c80000,0x00000000f3c80000,0x00000000f4200000)
 ParOldGen       total 32768K, used 8148K [0x00000000d1400000, 0x00000000d3400000, 0x00000000f0700000)
  object space 32768K, 24% used [0x00000000d1400000,0x00000000d1bf5318,0x00000000d3400000)
 Metaspace       used 13319K, capacity 13498K, committed 13824K, reserved 1060864K
  class space    used 1680K, capacity 1767K, committed 1792K, reserved 1048576K
}
Event: 2.549 GC heap before
{Heap before GC invocations=6 (full 0):
 PSYoungGen      total 26624K, used 26608K [0x00000000f0700000, 0x00000000f4200000, 0x0000000100000000)
  eden space 24576K, 100% used [0x00000000f0700000,0x00000000f1f00000,0x00000000f1f00000)
  from space 2048K, 99% used [0x00000000f1f00000,0x00000000f20fc030,0x00000000f2100000)
  to   space 5632K, 0% used [0x00000000f3c80000,0x00000000f3c80000,0x00000000f4200000)
 ParOldGen       total 32768K, used 8148K [0x00000000d1400000, 0x00000000d3400000, 0x00000000f0700000)
  object space 32768K, 24% used [0x00000000d1400000,0x00000000d1bf5318,0x00000000d3400000)
 Metaspace       used 15646K, capacity 15864K, committed 16128K, reserved 1062912K
  class space    used 1899K, capacity 1970K, committed 2048K, reserved 1048576K
Event: 2.561 GC heap after
Heap after GC invocations=6 (full 0):
 PSYoungGen      total 54784K, used 3985K [0x00000000f0700000, 0x00000000f4200000, 0x0000000100000000)
  eden space 49152K, 0% used [0x00000000f0700000,0x00000000f0700000,0x00000000f3700000)
  from space 5632K, 70% used [0x00000000f3c80000,0x00000000f4064400,0x00000000f4200000)
  to   space 5632K, 0% used [0x00000000f3700000,0x00000000f3700000,0x00000000f3c80000)
 ParOldGen       total 32768K, used 8156K [0x00000000d1400000, 0x00000000d3400000, 0x00000000f0700000)
  object space 32768K, 24% used [0x00000000d1400000,0x00000000d1bf7318,0x00000000d3400000)
 Metaspace       used 15646K, capacity 15864K, committed 16128K, reserved 1062912K
  class space    used 1899K, capacity 1970K, committed 2048K, reserved 1048576K
}
Event: 3.993 GC heap before
{Heap before GC invocations=7 (full 0):
 PSYoungGen      total 54784K, used 53137K [0x00000000f0700000, 0x00000000f4200000, 0x0000000100000000)
  eden space 49152K, 100% used [0x00000000f0700000,0x00000000f3700000,0x00000000f3700000)
  from space 5632K, 70% used [0x00000000f3c80000,0x00000000f4064400,0x00000000f4200000)
  to   space 5632K, 0% used [0x00000000f3700000,0x00000000f3700000,0x00000000f3c80000)
 ParOldGen       total 32768K, used 8156K [0x00000000d1400000, 0x00000000d3400000, 0x00000000f0700000)
  object space 32768K, 24% used [0x00000000d1400000,0x00000000d1bf7318,0x00000000d3400000)
 Metaspace       used 17396K, capacity 17790K, committed 18048K, reserved 1064960K
  class space    used 2071K, capacity 2156K, committed 2176K, reserved 1048576K
Event: 4.010 GC heap after
Heap after GC invocations=7 (full 0):
 PSYoungGen      total 54784K, used 5612K [0x00000000f0700000, 0x00000000f7400000, 0x0000000100000000)
  eden space 49152K, 0% used [0x00000000f0700000,0x00000000f0700000,0x00000000f3700000)
  from space 5632K, 99% used [0x00000000f3700000,0x00000000f3c7b050,0x00000000f3c80000)
  to   space 6656K, 0% used [0x00000000f6d80000,0x00000000f6d80000,0x00000000f7400000)
 ParOldGen       total 32768K, used 9191K [0x00000000d1400000, 0x00000000d3400000, 0x00000000f0700000)
  object space 32768K, 28% used [0x00000000d1400000,0x00000000d1cf9c18,0x00000000d3400000)
 Metaspace       used 17396K, capacity 17790K, committed 18048K, reserved 1064960K
  class space    used 2071K, capacity 2156K, committed 2176K, reserved 1048576K
}
Event: 4.944 GC heap before
{Heap before GC invocations=8 (full 0):
 PSYoungGen      total 54784K, used 41454K [0x00000000f0700000, 0x00000000f7400000, 0x0000000100000000)
  eden space 49152K, 72% used [0x00000000f0700000,0x00000000f2a00ad0,0x00000000f3700000)
  from space 5632K, 99% used [0x00000000f3700000,0x00000000f3c7b050,0x00000000f3c80000)
  to   space 6656K, 0% used [0x00000000f6d80000,0x00000000f6d80000,0x00000000f7400000)
 ParOldGen       total 32768K, used 9191K [0x00000000d1400000, 0x00000000d3400000, 0x00000000f0700000)
  object space 32768K, 28% used [0x00000000d1400000,0x00000000d1cf9c18,0x00000000d3400000)
 Metaspace       used 20697K, capacity 21210K, committed 21296K, reserved 1069056K
  class space    used 2501K, capacity 2591K, committed 2608K, reserved 1048576K
Event: 4.963 GC heap after
Heap after GC invocations=8 (full 0):
 PSYoungGen      total 103936K, used 6607K [0x00000000f0700000, 0x00000000f7600000, 0x0000000100000000)
  eden space 97280K, 0% used [0x00000000f0700000,0x00000000f0700000,0x00000000f6600000)
  from space 6656K, 99% used [0x00000000f6d80000,0x00000000f73f3db8,0x00000000f7400000)
  to   space 7680K, 0% used [0x00000000f6600000,0x00000000f6600000,0x00000000f6d80000)
 ParOldGen       total 32768K, used 9799K [0x00000000d1400000, 0x00000000d3400000, 0x00000000f0700000)
  object space 32768K, 29% used [0x00000000d1400000,0x00000000d1d91c18,0x00000000d3400000)
 Metaspace       used 20697K, capacity 21210K, committed 21296K, reserved 1069056K
  class space    used 2501K, capacity 2591K, committed 2608K, reserved 1048576K
}
Event: 4.963 GC heap before
{Heap before GC invocations=9 (full 1):
 PSYoungGen      total 103936K, used 6607K [0x00000000f0700000, 0x00000000f7600000, 0x0000000100000000)
  eden space 97280K, 0% used [0x00000000f0700000,0x00000000f0700000,0x00000000f6600000)
  from space 6656K, 99% used [0x00000000f6d80000,0x00000000f73f3db8,0x00000000f7400000)
  to   space 7680K, 0% used [0x00000000f6600000,0x00000000f6600000,0x00000000f6d80000)
 ParOldGen       total 32768K, used 9799K [0x00000000d1400000, 0x00000000d3400000, 0x00000000f0700000)
  object space 32768K, 29% used [0x00000000d1400000,0x00000000d1d91c18,0x00000000d3400000)
 Metaspace       used 20697K, capacity 21210K, committed 21296K, reserved 1069056K
  class space    used 2501K, capacity 2591K, committed 2608K, reserved 1048576K
Event: 5.058 GC heap after
Heap after GC invocations=9 (full 1):
 PSYoungGen      total 103936K, used 0K [0x00000000f0700000, 0x00000000f7600000, 0x0000000100000000)
  eden space 97280K, 0% used [0x00000000f0700000,0x00000000f0700000,0x00000000f6600000)
  from space 6656K, 0% used [0x00000000f6d80000,0x00000000f6d80000,0x00000000f7400000)
  to   space 7680K, 0% used [0x00000000f6600000,0x00000000f6600000,0x00000000f6d80000)
 ParOldGen       total 33280K, used 10938K [0x00000000d1400000, 0x00000000d3480000, 0x00000000f0700000)
  object space 33280K, 32% used [0x00000000d1400000,0x00000000d1eae920,0x00000000d3480000)
 Metaspace       used 20697K, capacity 21210K, committed 21296K, reserved 1069056K
  class space    used 2501K, capacity 2591K, committed 2608K, reserved 1048576K
}
Event: 8.346 GC heap before
{Heap before GC invocations=10 (full 1):
 PSYoungGen      total 103936K, used 90792K [0x00000000f0700000, 0x00000000f7600000, 0x0000000100000000)
  eden space 97280K, 93% used [0x00000000f0700000,0x00000000f5faa318,0x00000000f6600000)
  from space 6656K, 0% used [0x00000000f6d80000,0x00000000f6d80000,0x00000000f7400000)
  to   space 7680K, 0% used [0x00000000f6600000,0x00000000f6600000,0x00000000f6d80000)
 ParOldGen       total 33280K, used 10938K [0x00000000d1400000, 0x00000000d3480000, 0x00000000f0700000)
  object space 33280K, 32% used [0x00000000d1400000,0x00000000d1eae920,0x00000000d3480000)
 Metaspace       used 24526K, capacity 25026K, committed 25264K, reserved 1071104K
  class space    used 2833K, capacity 2946K, committed 2992K, reserved 1048576K

