# JRE version: Java(TM) SE Runtime Environment (8.0_121-b13) (build 1.8.0_121-b13)
# Java VM: Java HotSpot(TM) 64-Bit Server VM (25.121-b13 mixed mode linux-amd64 compressed oops)
Heap:
 PSYoungGen      total 51200K, used 2016K [0x00000000f0700000, 0x00000000f3b00000, 0x0000000100000000)
  eden space 49152K, 0% used [0x00000000f0700000,0x00000000f0700000,0x00000000f3700000)
  from space 2048K, 98% used [0x00000000f3700000,0x00000000f38f8040,0x00000000f3900000)
  to   space 2048K, 0% used [0x00000000f3900000,0x00000000f3900000,0x00000000f3b00000)
 ParOldGen       total 32768K, used 9972K [0x00000000d1400000, 0x00000000d3400000, 0x00000000f0700000)
  object space 32768K, 30% used [0x00000000d1400000,0x00000000d1dbd2c0,0x00000000d3400000)
 Metaspace       used 18905K, capacity 19268K, committed 19584K, reserved 1067008K
  class space    used 2450K, capacity 2568K, committed 2688K, reserved 1048576K
GC Heap History (9 events):
Event: 0.463 GC heap before
{Heap before GC invocations=1 (full 0):
 PSYoungGen      total 14336K, used 12288K [0x00000000f0700000, 0x00000000f1700000, 0x0000000100000000)
  eden space 12288K, 100% used [0x00000000f0700000,0x00000000f1300000,0x00000000f1300000)
  from space 2048K, 0% used [0x00000000f1500000,0x00000000f1500000,0x00000000f1700000)
  to   space 2048K, 0% used [0x00000000f1300000,0x00000000f1300000,0x00000000f1500000)
 ParOldGen       total 32768K, used 0K [0x00000000d1400000, 0x00000000d3400000, 0x00000000f0700000)
  object space 32768K, 0% used [0x00000000d1400000,0x00000000d1400000,0x00000000d3400000)
 Metaspace       used 5370K, capacity 5972K, committed 6144K, reserved 1056768K
  class space    used 629K, capacity 656K, committed 768K, reserved 1048576K
Event: 0.505 GC heap after
Heap after GC invocations=1 (full 0):
 PSYoungGen      total 14336K, used 2021K [0x00000000f0700000, 0x00000000f2300000, 0x0000000100000000)
  eden space 12288K, 0% used [0x00000000f0700000,0x00000000f0700000,0x00000000f1300000)
  from space 2048K, 98% used [0x00000000f1300000,0x00000000f14f9790,0x00000000f1500000)
  to   space 2048K, 0% used [0x00000000f2100000,0x00000000f2100000,0x00000000f2300000)
 ParOldGen       total 32768K, used 502K [0x00000000d1400000, 0x00000000d3400000, 0x00000000f0700000)
  object space 32768K, 1% used [0x00000000d1400000,0x00000000d147da58,0x00000000d3400000)
 Metaspace       used 5370K, capacity 5972K, committed 6144K, reserved 1056768K
  class space    used 629K, capacity 656K, committed 768K, reserved 1048576K
}
Event: 0.788 GC heap before
{Heap before GC invocations=2 (full 0):
 PSYoungGen      total 14336K, used 14309K [0x00000000f0700000, 0x00000000f2300000, 0x0000000100000000)
  eden space 12288K, 100% used [0x00000000f0700000,0x00000000f1300000,0x00000000f1300000)
  from space 2048K, 98% used [0x00000000f1300000,0x00000000f14f9790,0x00000000f1500000)
  to   space 2048K, 0% used [0x00000000f2100000,0x00000000f2100000,0x00000000f2300000)
 ParOldGen       total 32768K, used 502K [0x00000000d1400000, 0x00000000d3400000, 0x00000000f0700000)
  object space 32768K, 1% used [0x00000000d1400000,0x00000000d147da58,0x00000000d3400000)
 Metaspace       used 7924K, capacity 8036K, committed 8192K, reserved 1056768K
  class space    used 934K, capacity 976K, committed 1024K, reserved 1048576K
Event: 0.804 GC heap after
Heap after GC invocations=2 (full 0):
 PSYoungGen      total 26624K, used 2028K [0x00000000f0700000, 0x00000000f2300000, 0x0000000100000000)
  eden space 24576K, 0% used [0x00000000f0700000,0x00000000f0700000,0x00000000f1f00000)
  from space 2048K, 99% used [0x00000000f2100000,0x00000000f22fb338,0x00000000f2300000)
  to   space 2048K, 0% used [0x00000000f1f00000,0x00000000f1f00000,0x00000000f2100000)
 ParOldGen       total 32768K, used 1320K [0x00000000d1400000, 0x00000000d3400000, 0x00000000f0700000)
  object space 32768K, 4% used [0x00000000d1400000,0x00000000d154a158,0x00000000d3400000)
 Metaspace       used 7924K, capacity 8036K, committed 8192K, reserved 1056768K
  class space    used 934K, capacity 976K, committed 1024K, reserved 1048576K
}
Event: 1.396 GC heap before
{Heap before GC invocations=3 (full 0):
 PSYoungGen      total 26624K, used 26604K [0x00000000f0700000, 0x00000000f2300000, 0x0000000100000000)
  eden space 24576K, 100% used [0x00000000f0700000,0x00000000f1f00000,0x00000000f1f00000)
  from space 2048K, 99% used [0x00000000f2100000,0x00000000f22fb338,0x00000000f2300000)
  to   space 2048K, 0% used [0x00000000f1f00000,0x00000000f1f00000,0x00000000f2100000)
 ParOldGen       total 32768K, used 1320K [0x00000000d1400000, 0x00000000d3400000, 0x00000000f0700000)
  object space 32768K, 4% used [0x00000000d1400000,0x00000000d154a158,0x00000000d3400000)
 Metaspace       used 11794K, capacity 11972K, committed 12032K, reserved 1060864K
  class space    used 1457K, capacity 1520K, committed 1536K, reserved 1048576K
Event: 1.407 GC heap after
Heap after GC invocations=3 (full 0):
 PSYoungGen      total 26624K, used 2032K [0x00000000f0700000, 0x00000000f3b00000, 0x0000000100000000)
  eden space 24576K, 0% used [0x00000000f0700000,0x00000000f0700000,0x00000000f1f00000)
  from space 2048K, 99% used [0x00000000f1f00000,0x00000000f20fc030,0x00000000f2100000)
  to   space 2048K, 0% used [0x00000000f3900000,0x00000000f3900000,0x00000000f3b00000)
 ParOldGen       total 32768K, used 4082K [0x00000000d1400000, 0x00000000d3400000, 0x00000000f0700000)
  object space 32768K, 12% used [0x00000000d1400000,0x00000000d17fc830,0x00000000d3400000)
 Metaspace       used 11794K, capacity 11972K, committed 12032K, reserved 1060864K
  class space    used 1457K, capacity 1520K, committed 1536K, reserved 1048576K
}
Event: 1.995 GC heap before
{Heap before GC invocations=4 (full 0):
 PSYoungGen      total 26624K, used 26608K [0x00000000f0700000, 0x00000000f3b00000, 0x0000000100000000)
  eden space 24576K, 100% used [0x00000000f0700000,0x00000000f1f00000,0x00000000f1f00000)
  from space 2048K, 99% used [0x00000000f1f00000,0x00000000f20fc030,0x00000000f2100000)
  to   space 2048K, 0% used [0x00000000f3900000,0x00000000f3900000,0x00000000f3b00000)
 ParOldGen       total 32768K, used 4082K [0x00000000d1400000, 0x00000000d3400000, 0x00000000f0700000)
  object space 32768K, 12% used [0x00000000d1400000,0x00000000d17fc830,0x00000000d3400000)
 Metaspace       used 14378K, capacity 14644K, committed 14720K, reserved 1062912K
  class space    used 1772K, capacity 1868K, committed 1920K, reserved 1048576K
Event: 2.030 GC heap after
Heap after GC invocations=4 (full 0):
 PSYoungGen      total 51200K, used 2016K [0x00000000f0700000, 0x00000000f3b00000, 0x0000000100000000)
  eden space 49152K, 0% used [0x00000000f0700000,0x00000000f0700000,0x00000000f3700000)
  from space 2048K, 98% used [0x00000000f3900000,0x00000000f3af8050,0x00000000f3b00000)
  to   space 2048K, 0% used [0x00000000f3700000,0x00000000f3700000,0x00000000f3900000)
 ParOldGen       total 32768K, used 6871K [0x00000000d1400000, 0x00000000d3400000, 0x00000000f0700000)
  object space 32768K, 20% used [0x00000000d1400000,0x00000000d1ab5fa8,0x00000000d3400000)
 Metaspace       used 14378K, capacity 14644K, committed 14720K, reserved 1062912K
  class space    used 1772K, capacity 1868K, committed 1920K, reserved 1048576K
}
Event: 2.789 GC heap before
{Heap before GC invocations=5 (full 0):
 PSYoungGen      total 51200K, used 51168K [0x00000000f0700000, 0x00000000f3b00000, 0x0000000100000000)
  eden space 49152K, 100% used [0x00000000f0700000,0x00000000f3700000,0x00000000f3700000)
  from space 2048K, 98% used [0x00000000f3900000,0x00000000f3af8050,0x00000000f3b00000)
  to   space 2048K, 0% used [0x00000000f3700000,0x00000000f3700000,0x00000000f3900000)
 ParOldGen       total 32768K, used 6871K [0x00000000d1400000, 0x00000000d3400000, 0x00000000f0700000)
  object space 32768K, 20% used [0x00000000d1400000,0x00000000d1ab5fa8,0x00000000d3400000)
 Metaspace       used 18905K, capacity 19268K, committed 19584K, reserved 1067008K
  class space    used 2450K, capacity 2568K, committed 2688K, reserved 1048576K

