# JRE version: Java(TM) SE Runtime Environment (8.0_121-b13) (build 1.8.0_121-b13)
# Java VM: Java HotSpot(TM) 64-Bit Server VM (25.121-b13 mixed mode linux-amd64 compressed oops)
Heap:
 PSYoungGen      total 224256K, used 0K [0x00000000f0700000, 0x0000000100000000, 0x0000000100000000)
  eden space 199680K, 0% used [0x00000000f0700000,0x00000000f0700000,0x00000000fca00000)
  from space 24576K, 0% used [0x00000000fe800000,0x00000000fe800000,0x0000000100000000)
  to   space 27648K, 0% used [0x00000000fca00000,0x00000000fca00000,0x00000000fe500000)
 ParOldGen       total 176128K, used 85725K [0x00000000d1400000, 0x00000000dc000000, 0x00000000f0700000)
  object space 176128K, 48% used [0x00000000d1400000,0x00000000d67b7480,0x00000000dc000000)
 Metaspace       used 41979K, capacity 42520K, committed 42752K, reserved 1085440K
  class space    used 6469K, capacity 6617K, committed 6656K, reserved 1048576K
GC Heap History (10 events):
Event: 36.483 GC heap after
Heap after GC invocations=60 (full 8):
 PSYoungGen      total 230912K, used 14610K [0x00000000f0700000, 0x0000000100000000, 0x0000000100000000)
  eden space 210944K, 0% used [0x00000000f0700000,0x00000000f0700000,0x00000000fd500000)
  from space 19968K, 73% used [0x00000000fec80000,0x00000000ffac48b8,0x0000000100000000)
  to   space 22016K, 0% used [0x00000000fd500000,0x00000000fd500000,0x00000000fea80000)
 ParOldGen       total 176128K, used 109507K [0x00000000d1400000, 0x00000000dc000000, 0x00000000f0700000)
  object space 176128K, 62% used [0x00000000d1400000,0x00000000d7ef0ff8,0x00000000dc000000)
 Metaspace       used 41927K, capacity 42456K, committed 42496K, reserved 1085440K
  class space    used 6469K, capacity 6617K, committed 6656K, reserved 1048576K
}
Event: 37.493 GC heap before
{Heap before GC invocations=61 (full 8):
 PSYoungGen      total 230912K, used 225554K [0x00000000f0700000, 0x0000000100000000, 0x0000000100000000)
  eden space 210944K, 100% used [0x00000000f0700000,0x00000000fd500000,0x00000000fd500000)
  from space 19968K, 73% used [0x00000000fec80000,0x00000000ffac48b8,0x0000000100000000)
  to   space 22016K, 0% used [0x00000000fd500000,0x00000000fd500000,0x00000000fea80000)
 ParOldGen       total 176128K, used 109507K [0x00000000d1400000, 0x00000000dc000000, 0x00000000f0700000)
  object space 176128K, 62% used [0x00000000d1400000,0x00000000d7ef0ff8,0x00000000dc000000)
 Metaspace       used 41932K, capacity 42456K, committed 42496K, reserved 1085440K
  class space    used 6469K, capacity 6617K, committed 6656K, reserved 1048576K
Event: 37.555 GC heap after
Heap after GC invocations=61 (full 8):
 PSYoungGen      total 232960K, used 22010K [0x00000000f0700000, 0x0000000100000000, 0x0000000100000000)
  eden space 210944K, 0% used [0x00000000f0700000,0x00000000f0700000,0x00000000fd500000)
  from space 22016K, 99% used [0x00000000fd500000,0x00000000fea7ea28,0x00000000fea80000)
  to   space 22016K, 0% used [0x00000000fea80000,0x00000000fea80000,0x0000000100000000)
 ParOldGen       total 176128K, used 114094K [0x00000000d1400000, 0x00000000dc000000, 0x00000000f0700000)
  object space 176128K, 64% used [0x00000000d1400000,0x00000000d836b908,0x00000000dc000000)
 Metaspace       used 41932K, capacity 42456K, committed 42496K, reserved 1085440K
  class space    used 6469K, capacity 6617K, committed 6656K, reserved 1048576K
}
Event: 38.501 GC heap before
{Heap before GC invocations=62 (full 8):
 PSYoungGen      total 232960K, used 232954K [0x00000000f0700000, 0x0000000100000000, 0x0000000100000000)
  eden space 210944K, 100% used [0x00000000f0700000,0x00000000fd500000,0x00000000fd500000)
  from space 22016K, 99% used [0x00000000fd500000,0x00000000fea7ea28,0x00000000fea80000)
  to   space 22016K, 0% used [0x00000000fea80000,0x00000000fea80000,0x0000000100000000)
 ParOldGen       total 176128K, used 114094K [0x00000000d1400000, 0x00000000dc000000, 0x00000000f0700000)
  object space 176128K, 64% used [0x00000000d1400000,0x00000000d836b908,0x00000000dc000000)
 Metaspace       used 41932K, capacity 42456K, committed 42496K, reserved 1085440K
  class space    used 6469K, capacity 6617K, committed 6656K, reserved 1048576K
Event: 38.644 GC heap after
Heap after GC invocations=62 (full 8):
 PSYoungGen      total 227840K, used 14741K [0x00000000f0700000, 0x0000000100000000, 0x0000000100000000)
  eden space 205824K, 0% used [0x00000000f0700000,0x00000000f0700000,0x00000000fd000000)
  from space 22016K, 66% used [0x00000000fea80000,0x00000000ff8e5498,0x0000000100000000)
  to   space 24576K, 0% used [0x00000000fd000000,0x00000000fd000000,0x00000000fe800000)
 ParOldGen       total 176128K, used 134850K [0x00000000d1400000, 0x00000000dc000000, 0x00000000f0700000)
  object space 176128K, 76% used [0x00000000d1400000,0x00000000d97b0860,0x00000000dc000000)
 Metaspace       used 41932K, capacity 42456K, committed 42496K, reserved 1085440K
  class space    used 6469K, capacity 6617K, committed 6656K, reserved 1048576K
}
Event: 39.480 GC heap before
{Heap before GC invocations=63 (full 8):
 PSYoungGen      total 227840K, used 220565K [0x00000000f0700000, 0x0000000100000000, 0x0000000100000000)
  eden space 205824K, 100% used [0x00000000f0700000,0x00000000fd000000,0x00000000fd000000)
  from space 22016K, 66% used [0x00000000fea80000,0x00000000ff8e5498,0x0000000100000000)
  to   space 24576K, 0% used [0x00000000fd000000,0x00000000fd000000,0x00000000fe800000)
 ParOldGen       total 176128K, used 134850K [0x00000000d1400000, 0x00000000dc000000, 0x00000000f0700000)
  object space 176128K, 76% used [0x00000000d1400000,0x00000000d97b0860,0x00000000dc000000)
 Metaspace       used 41947K, capacity 42456K, committed 42496K, reserved 1085440K
  class space    used 6469K, capacity 6617K, committed 6656K, reserved 1048576K
Event: 39.578 GC heap after
Heap after GC invocations=63 (full 8):
 PSYoungGen      total 230400K, used 24547K [0x00000000f0700000, 0x0000000100000000, 0x0000000100000000)
  eden space 205824K, 0% used [0x00000000f0700000,0x00000000f0700000,0x00000000fd000000)
  from space 24576K, 99% used [0x00000000fd000000,0x00000000fe7f8e58,0x00000000fe800000)
  to   space 24576K, 0% used [0x00000000fe800000,0x00000000fe800000,0x0000000100000000)
 ParOldGen       total 176128K, used 137802K [0x00000000d1400000, 0x00000000dc000000, 0x00000000f0700000)
  object space 176128K, 78% used [0x00000000d1400000,0x00000000d9a92ab8,0x00000000dc000000)
 Metaspace       used 41947K, capacity 42456K, committed 42496K, reserved 1085440K
  class space    used 6469K, capacity 6617K, committed 6656K, reserved 1048576K
}
Event: 40.937 GC heap before
{Heap before GC invocations=64 (full 8):
 PSYoungGen      total 230400K, used 230371K [0x00000000f0700000, 0x0000000100000000, 0x0000000100000000)
  eden space 205824K, 100% used [0x00000000f0700000,0x00000000fd000000,0x00000000fd000000)
  from space 24576K, 99% used [0x00000000fd000000,0x00000000fe7f8e58,0x00000000fe800000)
  to   space 24576K, 0% used [0x00000000fe800000,0x00000000fe800000,0x0000000100000000)
 ParOldGen       total 176128K, used 137802K [0x00000000d1400000, 0x00000000dc000000, 0x00000000f0700000)
  object space 176128K, 78% used [0x00000000d1400000,0x00000000d9a92ab8,0x00000000dc000000)
 Metaspace       used 41979K, capacity 42520K, committed 42752K, reserved 1085440K
  class space    used 6469K, capacity 6617K, committed 6656K, reserved 1048576K
Event: 41.255 GC heap after
Heap after GC invocations=64 (full 8):
 PSYoungGen      total 224256K, used 13389K [0x00000000f0700000, 0x0000000100000000, 0x0000000100000000)
  eden space 199680K, 0% used [0x00000000f0700000,0x00000000f0700000,0x00000000fca00000)
  from space 24576K, 54% used [0x00000000fe800000,0x00000000ff513560,0x0000000100000000)
  to   space 27648K, 0% used [0x00000000fca00000,0x00000000fca00000,0x00000000fe500000)
 ParOldGen       total 176128K, used 162329K [0x00000000d1400000, 0x00000000dc000000, 0x00000000f0700000)
  object space 176128K, 92% used [0x00000000d1400000,0x00000000db286600,0x00000000dc000000)
 Metaspace       used 41979K, capacity 42520K, committed 42752K, reserved 1085440K
  class space    used 6469K, capacity 6617K, committed 6656K, reserved 1048576K
}
Event: 41.264 GC heap before
{Heap before GC invocations=65 (full 9):
 PSYoungGen      total 224256K, used 13389K [0x00000000f0700000, 0x0000000100000000, 0x0000000100000000)
  eden space 199680K, 0% used [0x00000000f0700000,0x00000000f0700000,0x00000000fca00000)
  from space 24576K, 54% used [0x00000000fe800000,0x00000000ff513560,0x0000000100000000)
  to   space 27648K, 0% used [0x00000000fca00000,0x00000000fca00000,0x00000000fe500000)
 ParOldGen       total 176128K, used 162329K [0x00000000d1400000, 0x00000000dc000000, 0x00000000f0700000)
  object space 176128K, 92% used [0x00000000d1400000,0x00000000db286600,0x00000000dc000000)
 Metaspace       used 41979K, capacity 42520K, committed 42752K, reserved 1085440K
  class space    used 6469K, capacity 6617K, committed 6656K, reserved 1048576K

