# JRE version: Java(TM) SE Runtime Environment (8.0_121-b13) (build 1.8.0_121-b13)
# Java VM: Java HotSpot(TM) 64-Bit Server VM (25.121-b13 mixed mode linux-amd64 compressed oops)
Heap:
 PSYoungGen      total 217600K, used 0K [0x00000000f0700000, 0x0000000100000000, 0x0000000100000000)
  eden space 188416K, 0% used [0x00000000f0700000,0x00000000f0700000,0x00000000fbf00000)
  from space 29184K, 0% used [0x00000000fe380000,0x00000000fe380000,0x0000000100000000)
  to   space 33280K, 0% used [0x00000000fbf00000,0x00000000fbf00000,0x00000000fdf80000)
 ParOldGen       total 246272K, used 178391K [0x00000000d1400000, 0x00000000e0480000, 0x00000000f0700000)
  object space 246272K, 72% used [0x00000000d1400000,0x00000000dc235c40,0x00000000e0480000)
 Metaspace       used 42140K, capacity 42652K, committed 42752K, reserved 1085440K
  class space    used 6470K, capacity 6617K, committed 6656K, reserved 1048576K
GC Heap History (10 events):
Event: 33.292 GC heap after
Heap after GC invocations=68 (full 10):
 PSYoungGen      total 224256K, used 14988K [0x00000000f0700000, 0x0000000100000000, 0x0000000100000000)
  eden space 202752K, 0% used [0x00000000f0700000,0x00000000f0700000,0x00000000fcd00000)
  from space 21504K, 69% used [0x00000000feb00000,0x00000000ff9a3118,0x0000000100000000)
  to   space 26112K, 0% used [0x00000000fcd00000,0x00000000fcd00000,0x00000000fe680000)
 ParOldGen       total 246272K, used 174360K [0x00000000d1400000, 0x00000000e0480000, 0x00000000f0700000)
  object space 246272K, 70% used [0x00000000d1400000,0x00000000dbe46398,0x00000000e0480000)
 Metaspace       used 42123K, capacity 42652K, committed 42752K, reserved 1085440K
  class space    used 6470K, capacity 6617K, committed 6656K, reserved 1048576K
}
Event: 33.706 GC heap before
{Heap before GC invocations=69 (full 10):
 PSYoungGen      total 224256K, used 217740K [0x00000000f0700000, 0x0000000100000000, 0x0000000100000000)
  eden space 202752K, 100% used [0x00000000f0700000,0x00000000fcd00000,0x00000000fcd00000)
  from space 21504K, 69% used [0x00000000feb00000,0x00000000ff9a3118,0x0000000100000000)
  to   space 26112K, 0% used [0x00000000fcd00000,0x00000000fcd00000,0x00000000fe680000)
 ParOldGen       total 246272K, used 174360K [0x00000000d1400000, 0x00000000e0480000, 0x00000000f0700000)
  object space 246272K, 70% used [0x00000000d1400000,0x00000000dbe46398,0x00000000e0480000)
 Metaspace       used 42132K, capacity 42652K, committed 42752K, reserved 1085440K
  class space    used 6470K, capacity 6617K, committed 6656K, reserved 1048576K
Event: 33.743 GC heap after
Heap after GC invocations=69 (full 10):
 PSYoungGen      total 228864K, used 26112K [0x00000000f0700000, 0x0000000100000000, 0x0000000100000000)
  eden space 202752K, 0% used [0x00000000f0700000,0x00000000f0700000,0x00000000fcd00000)
  from space 26112K, 100% used [0x00000000fcd00000,0x00000000fe680000,0x00000000fe680000)
  to   space 26112K, 0% used [0x00000000fe680000,0x00000000fe680000,0x0000000100000000)
 ParOldGen       total 246272K, used 178638K [0x00000000d1400000, 0x00000000e0480000, 0x00000000f0700000)
  object space 246272K, 72% used [0x00000000d1400000,0x00000000dc273b58,0x00000000e0480000)
 Metaspace       used 42132K, capacity 42652K, committed 42752K, reserved 1085440K
  class space    used 6470K, capacity 6617K, committed 6656K, reserved 1048576K
}
Event: 34.200 GC heap before
{Heap before GC invocations=70 (full 10):
 PSYoungGen      total 228864K, used 228864K [0x00000000f0700000, 0x0000000100000000, 0x0000000100000000)
  eden space 202752K, 100% used [0x00000000f0700000,0x00000000fcd00000,0x00000000fcd00000)
  from space 26112K, 100% used [0x00000000fcd00000,0x00000000fe680000,0x00000000fe680000)
  to   space 26112K, 0% used [0x00000000fe680000,0x00000000fe680000,0x0000000100000000)
 ParOldGen       total 246272K, used 178638K [0x00000000d1400000, 0x00000000e0480000, 0x00000000f0700000)
  object space 246272K, 72% used [0x00000000d1400000,0x00000000dc273b58,0x00000000e0480000)
 Metaspace       used 42134K, capacity 42652K, committed 42752K, reserved 1085440K
  class space    used 6470K, capacity 6617K, committed 6656K, reserved 1048576K
Event: 34.300 GC heap after
Heap after GC invocations=70 (full 10):
 PSYoungGen      total 222720K, used 16714K [0x00000000f0700000, 0x0000000100000000, 0x0000000100000000)
  eden space 196608K, 0% used [0x00000000f0700000,0x00000000f0700000,0x00000000fc700000)
  from space 26112K, 64% used [0x00000000fe680000,0x00000000ff6d2850,0x0000000100000000)
  to   space 29184K, 0% used [0x00000000fc700000,0x00000000fc700000,0x00000000fe380000)
 ParOldGen       total 246272K, used 204790K [0x00000000d1400000, 0x00000000e0480000, 0x00000000f0700000)
  object space 246272K, 83% used [0x00000000d1400000,0x00000000ddbfdb58,0x00000000e0480000)
 Metaspace       used 42134K, capacity 42652K, committed 42752K, reserved 1085440K
  class space    used 6470K, capacity 6617K, committed 6656K, reserved 1048576K
}
Event: 34.643 GC heap before
{Heap before GC invocations=71 (full 10):
 PSYoungGen      total 222720K, used 213322K [0x00000000f0700000, 0x0000000100000000, 0x0000000100000000)
  eden space 196608K, 100% used [0x00000000f0700000,0x00000000fc700000,0x00000000fc700000)
  from space 26112K, 64% used [0x00000000fe680000,0x00000000ff6d2850,0x0000000100000000)
  to   space 29184K, 0% used [0x00000000fc700000,0x00000000fc700000,0x00000000fe380000)
 ParOldGen       total 246272K, used 204790K [0x00000000d1400000, 0x00000000e0480000, 0x00000000f0700000)
  object space 246272K, 83% used [0x00000000d1400000,0x00000000ddbfdb58,0x00000000e0480000)
 Metaspace       used 42138K, capacity 42652K, committed 42752K, reserved 1085440K
  class space    used 6470K, capacity 6617K, committed 6656K, reserved 1048576K
Event: 34.712 GC heap after
Heap after GC invocations=71 (full 10):
 PSYoungGen      total 225792K, used 29160K [0x00000000f0700000, 0x0000000100000000, 0x0000000100000000)
  eden space 196608K, 0% used [0x00000000f0700000,0x00000000f0700000,0x00000000fc700000)
  from space 29184K, 99% used [0x00000000fc700000,0x00000000fe37a1a0,0x00000000fe380000)
  to   space 29184K, 0% used [0x00000000fe380000,0x00000000fe380000,0x0000000100000000)
 ParOldGen       total 246272K, used 207869K [0x00000000d1400000, 0x00000000e0480000, 0x00000000f0700000)
  object space 246272K, 84% used [0x00000000d1400000,0x00000000ddeff488,0x00000000e0480000)
 Metaspace       used 42138K, capacity 42652K, committed 42752K, reserved 1085440K
  class space    used 6470K, capacity 6617K, committed 6656K, reserved 1048576K
}
Event: 34.960 GC heap before
{Heap before GC invocations=72 (full 10):
 PSYoungGen      total 225792K, used 225768K [0x00000000f0700000, 0x0000000100000000, 0x0000000100000000)
  eden space 196608K, 100% used [0x00000000f0700000,0x00000000fc700000,0x00000000fc700000)
  from space 29184K, 99% used [0x00000000fc700000,0x00000000fe37a1a0,0x00000000fe380000)
  to   space 29184K, 0% used [0x00000000fe380000,0x00000000fe380000,0x0000000100000000)
 ParOldGen       total 246272K, used 207869K [0x00000000d1400000, 0x00000000e0480000, 0x00000000f0700000)
  object space 246272K, 84% used [0x00000000d1400000,0x00000000ddeff488,0x00000000e0480000)
 Metaspace       used 42140K, capacity 42652K, committed 42752K, reserved 1085440K
  class space    used 6470K, capacity 6617K, committed 6656K, reserved 1048576K
Event: 35.114 GC heap after
Heap after GC invocations=72 (full 10):
 PSYoungGen      total 217600K, used 13560K [0x00000000f0700000, 0x0000000100000000, 0x0000000100000000)
  eden space 188416K, 0% used [0x00000000f0700000,0x00000000f0700000,0x00000000fbf00000)
  from space 29184K, 46% used [0x00000000fe380000,0x00000000ff0be250,0x0000000100000000)
  to   space 33280K, 0% used [0x00000000fbf00000,0x00000000fbf00000,0x00000000fdf80000)
 ParOldGen       total 246272K, used 237006K [0x00000000d1400000, 0x00000000e0480000, 0x00000000f0700000)
  object space 246272K, 96% used [0x00000000d1400000,0x00000000dfb73a58,0x00000000e0480000)
 Metaspace       used 42140K, capacity 42652K, committed 42752K, reserved 1085440K
  class space    used 6470K, capacity 6617K, committed 6656K, reserved 1048576K
}
Event: 35.116 GC heap before
{Heap before GC invocations=73 (full 11):
 PSYoungGen      total 217600K, used 13560K [0x00000000f0700000, 0x0000000100000000, 0x0000000100000000)
  eden space 188416K, 0% used [0x00000000f0700000,0x00000000f0700000,0x00000000fbf00000)
  from space 29184K, 46% used [0x00000000fe380000,0x00000000ff0be250,0x0000000100000000)
  to   space 33280K, 0% used [0x00000000fbf00000,0x00000000fbf00000,0x00000000fdf80000)
 ParOldGen       total 246272K, used 237006K [0x00000000d1400000, 0x00000000e0480000, 0x00000000f0700000)
  object space 246272K, 96% used [0x00000000d1400000,0x00000000dfb73a58,0x00000000e0480000)
 Metaspace       used 42140K, capacity 42652K, committed 42752K, reserved 1085440K
  class space    used 6470K, capacity 6617K, committed 6656K, reserved 1048576K

