# JRE version: Java(TM) SE Runtime Environment (8.0_121-b13) (build 1.8.0_121-b13)
# Java VM: Java HotSpot(TM) 64-Bit Server VM (25.121-b13 mixed mode linux-amd64 compressed oops)
Heap:
 PSYoungGen      total 163840K, used 4724K [0x00000000f0700000, 0x00000000fae00000, 0x0000000100000000)
  eden space 158720K, 0% used [0x00000000f0700000,0x00000000f0700000,0x00000000fa200000)
  from space 5120K, 92% used [0x00000000fa200000,0x00000000fa69d078,0x00000000fa700000)
  to   space 5120K, 0% used [0x00000000fa700000,0x00000000fa700000,0x00000000fac00000)
 ParOldGen       total 33280K, used 16831K [0x00000000d1400000, 0x00000000d3480000, 0x00000000f0700000)
  object space 33280K, 50% used [0x00000000d1400000,0x00000000d246fe48,0x00000000d3480000)
 Metaspace       used 41562K, capacity 42112K, committed 42280K, reserved 1085440K
  class space    used 6457K, capacity 6623K, committed 6704K, reserved 1048576K
GC Heap History (10 events):
Event: 12.111 GC heap after
Heap after GC invocations=18 (full 2):
 PSYoungGen      total 104448K, used 1413K [0x00000000f0700000, 0x00000000f7600000, 0x0000000100000000)
  eden space 99328K, 0% used [0x00000000f0700000,0x00000000f0700000,0x00000000f6800000)
  from space 5120K, 27% used [0x00000000f6d80000,0x00000000f6ee1470,0x00000000f7280000)
  to   space 5632K, 0% used [0x00000000f6800000,0x00000000f6800000,0x00000000f6d80000)
 ParOldGen       total 33280K, used 11968K [0x00000000d1400000, 0x00000000d3480000, 0x00000000f0700000)
  object space 33280K, 35% used [0x00000000d1400000,0x00000000d1fb0250,0x00000000d3480000)
 Metaspace       used 40576K, capacity 41086K, committed 41256K, reserved 1083392K
  class space    used 6450K, capacity 6612K, committed 6704K, reserved 1048576K
}
Event: 12.778 GC heap before
{Heap before GC invocations=19 (full 2):
 PSYoungGen      total 104448K, used 100741K [0x00000000f0700000, 0x00000000f7600000, 0x0000000100000000)
  eden space 99328K, 100% used [0x00000000f0700000,0x00000000f6800000,0x00000000f6800000)
  from space 5120K, 27% used [0x00000000f6d80000,0x00000000f6ee1470,0x00000000f7280000)
  to   space 5632K, 0% used [0x00000000f6800000,0x00000000f6800000,0x00000000f6d80000)
 ParOldGen       total 33280K, used 11968K [0x00000000d1400000, 0x00000000d3480000, 0x00000000f0700000)
  object space 33280K, 35% used [0x00000000d1400000,0x00000000d1fb0250,0x00000000d3480000)
 Metaspace       used 40794K, capacity 41308K, committed 41512K, reserved 1083392K
  class space    used 6454K, capacity 6617K, committed 6704K, reserved 1048576K
Event: 12.791 GC heap after
Heap after GC invocations=19 (full 2):
 PSYoungGen      total 104960K, used 1437K [0x00000000f0700000, 0x00000000f8b00000, 0x0000000100000000)
  eden space 99328K, 0% used [0x00000000f0700000,0x00000000f0700000,0x00000000f6800000)
  from space 5632K, 25% used [0x00000000f6800000,0x00000000f69677d0,0x00000000f6d80000)
  to   space 5632K, 0% used [0x00000000f8580000,0x00000000f8580000,0x00000000f8b00000)
 ParOldGen       total 33280K, used 12348K [0x00000000d1400000, 0x00000000d3480000, 0x00000000f0700000)
  object space 33280K, 37% used [0x00000000d1400000,0x00000000d200f1c8,0x00000000d3480000)
 Metaspace       used 40794K, capacity 41308K, committed 41512K, reserved 1083392K
  class space    used 6454K, capacity 6617K, committed 6704K, reserved 1048576K
}
Event: 13.437 GC heap before
{Heap before GC invocations=20 (full 2):
 PSYoungGen      total 104960K, used 98365K [0x00000000f0700000, 0x00000000f8b00000, 0x0000000100000000)
  eden space 99328K, 97% used [0x00000000f0700000,0x00000000f65a7c90,0x00000000f6800000)
  from space 5632K, 25% used [0x00000000f6800000,0x00000000f69677d0,0x00000000f6d80000)
  to   space 5632K, 0% used [0x00000000f8580000,0x00000000f8580000,0x00000000f8b00000)
 ParOldGen       total 33280K, used 12348K [0x00000000d1400000, 0x00000000d3480000, 0x00000000f0700000)
  object space 33280K, 37% used [0x00000000d1400000,0x00000000d200f1c8,0x00000000d3480000)
 Metaspace       used 41004K, capacity 41582K, committed 41768K, reserved 1085440K
  class space    used 6455K, capacity 6620K, committed 6704K, reserved 1048576K
Event: 13.490 GC heap after
Heap after GC invocations=20 (full 2):
 PSYoungGen      total 129536K, used 2190K [0x00000000f0700000, 0x00000000f8f80000, 0x0000000100000000)
  eden space 123904K, 0% used [0x00000000f0700000,0x00000000f0700000,0x00000000f8000000)
  from space 5632K, 38% used [0x00000000f8580000,0x00000000f87a38a8,0x00000000f8b00000)
  to   space 5632K, 0% used [0x00000000f8000000,0x00000000f8000000,0x00000000f8580000)
 ParOldGen       total 33280K, used 12865K [0x00000000d1400000, 0x00000000d3480000, 0x00000000f0700000)
  object space 33280K, 38% used [0x00000000d1400000,0x00000000d2090640,0x00000000d3480000)
 Metaspace       used 41004K, capacity 41582K, committed 41768K, reserved 1085440K
  class space    used 6455K, capacity 6620K, committed 6704K, reserved 1048576K
}
Event: 14.323 GC heap before
{Heap before GC invocations=21 (full 2):
 PSYoungGen      total 129536K, used 123160K [0x00000000f0700000, 0x00000000f8f80000, 0x0000000100000000)
  eden space 123904K, 97% used [0x00000000f0700000,0x00000000f7d22858,0x00000000f8000000)
  from space 5632K, 38% used [0x00000000f8580000,0x00000000f87a38a8,0x00000000f8b00000)
  to   space 5632K, 0% used [0x00000000f8000000,0x00000000f8000000,0x00000000f8580000)
 ParOldGen       total 33280K, used 12865K [0x00000000d1400000, 0x00000000d3480000, 0x00000000f0700000)
  object space 33280K, 38% used [0x00000000d1400000,0x00000000d2090640,0x00000000d3480000)
 Metaspace       used 41248K, capacity 41774K, committed 42024K, reserved 1085440K
  class space    used 6455K, capacity 6620K, committed 6704K, reserved 1048576K
Event: 14.334 GC heap after
Heap after GC invocations=21 (full 2):
 PSYoungGen      total 129536K, used 2652K [0x00000000f0700000, 0x00000000fac00000, 0x0000000100000000)
  eden space 123904K, 0% used [0x00000000f0700000,0x00000000f0700000,0x00000000f8000000)
  from space 5632K, 47% used [0x00000000f8000000,0x00000000f8297048,0x00000000f8580000)
  to   space 5120K, 0% used [0x00000000fa700000,0x00000000fa700000,0x00000000fac00000)
 ParOldGen       total 33280K, used 13891K [0x00000000d1400000, 0x00000000d3480000, 0x00000000f0700000)
  object space 33280K, 41% used [0x00000000d1400000,0x00000000d2190f08,0x00000000d3480000)
 Metaspace       used 41248K, capacity 41774K, committed 42024K, reserved 1085440K
  class space    used 6455K, capacity 6620K, committed 6704K, reserved 1048576K
}
Event: 15.027 GC heap before
{Heap before GC invocations=22 (full 2):
 PSYoungGen      total 129536K, used 122890K [0x00000000f0700000, 0x00000000fac00000, 0x0000000100000000)
  eden space 123904K, 97% used [0x00000000f0700000,0x00000000f7c6ba80,0x00000000f8000000)
  from space 5632K, 47% used [0x00000000f8000000,0x00000000f8297048,0x00000000f8580000)
  to   space 5120K, 0% used [0x00000000fa700000,0x00000000fa700000,0x00000000fac00000)
 ParOldGen       total 33280K, used 13891K [0x00000000d1400000, 0x00000000d3480000, 0x00000000f0700000)
  object space 33280K, 41% used [0x00000000d1400000,0x00000000d2190f08,0x00000000d3480000)
 Metaspace       used 41415K, capacity 41984K, committed 42280K, reserved 1085440K
  class space    used 6457K, capacity 6623K, committed 6704K, reserved 1048576K
Event: 15.067 GC heap after
Heap after GC invocations=22 (full 2):
 PSYoungGen      total 163840K, used 2994K [0x00000000f0700000, 0x00000000fae00000, 0x0000000100000000)
  eden space 158720K, 0% used [0x00000000f0700000,0x00000000f0700000,0x00000000fa200000)
  from space 5120K, 58% used [0x00000000fa700000,0x00000000fa9ecb18,0x00000000fac00000)
  to   space 5120K, 0% used [0x00000000fa200000,0x00000000fa200000,0x00000000fa700000)
 ParOldGen       total 33280K, used 15186K [0x00000000d1400000, 0x00000000d3480000, 0x00000000f0700000)
  object space 33280K, 45% used [0x00000000d1400000,0x00000000d22d4a80,0x00000000d3480000)
 Metaspace       used 41415K, capacity 41984K, committed 42280K, reserved 1085440K
  class space    used 6457K, capacity 6623K, committed 6704K, reserved 1048576K
}
Event: 15.908 GC heap before
{Heap before GC invocations=23 (full 2):
 PSYoungGen      total 163840K, used 161714K [0x00000000f0700000, 0x00000000fae00000, 0x0000000100000000)
  eden space 158720K, 100% used [0x00000000f0700000,0x00000000fa200000,0x00000000fa200000)
  from space 5120K, 58% used [0x00000000fa700000,0x00000000fa9ecb18,0x00000000fac00000)
  to   space 5120K, 0% used [0x00000000fa200000,0x00000000fa200000,0x00000000fa700000)
 ParOldGen       total 33280K, used 15186K [0x00000000d1400000, 0x00000000d3480000, 0x00000000f0700000)
  object space 33280K, 45% used [0x00000000d1400000,0x00000000d22d4a80,0x00000000d3480000)
 Metaspace       used 41562K, capacity 42112K, committed 42280K, reserved 1085440K
  class space    used 6457K, capacity 6623K, committed 6704K, reserved 1048576K

