# JRE version: Java(TM) SE Runtime Environment (8.0_121-b13) (build 1.8.0_121-b13)
# Java VM: Java HotSpot(TM) 64-Bit Server VM (25.121-b13 mixed mode linux-amd64 compressed oops)
Heap:
 PSYoungGen      total 219136K, used 0K [0x00000000f0700000, 0x0000000100000000, 0x0000000100000000)
  eden space 183296K, 0% used [0x00000000f0700000,0x00000000f0700000,0x00000000fba00000)
  from space 35840K, 0% used [0x00000000fba00000,0x00000000fba00000,0x00000000fdd00000)
  to   space 34816K, 0% used [0x00000000fde00000,0x00000000fde00000,0x0000000100000000)
 ParOldGen       total 141824K, used 80777K [0x00000000d1400000, 0x00000000d9e80000, 0x00000000f0700000)
  object space 141824K, 56% used [0x00000000d1400000,0x00000000d62e25e8,0x00000000d9e80000)
 Metaspace       used 41904K, capacity 42456K, committed 42496K, reserved 1085440K
  class space    used 6469K, capacity 6617K, committed 6656K, reserved 1048576K
GC Heap History (10 events):
Event: 26.166 GC heap after
Heap after GC invocations=48 (full 7):
 PSYoungGen      total 231424K, used 23027K [0x00000000f0700000, 0x0000000100000000, 0x0000000100000000)
  eden space 208384K, 0% used [0x00000000f0700000,0x00000000f0700000,0x00000000fd280000)
  from space 23040K, 99% used [0x00000000fd280000,0x00000000fe8fcf18,0x00000000fe900000)
  to   space 23552K, 0% used [0x00000000fe900000,0x00000000fe900000,0x0000000100000000)
 ParOldGen       total 141824K, used 76989K [0x00000000d1400000, 0x00000000d9e80000, 0x00000000f0700000)
  object space 141824K, 54% used [0x00000000d1400000,0x00000000d5f2f5c0,0x00000000d9e80000)
 Metaspace       used 41876K, capacity 42392K, committed 42496K, reserved 1085440K
  class space    used 6469K, capacity 6617K, committed 6656K, reserved 1048576K
}
Event: 27.504 GC heap before
{Heap before GC invocations=49 (full 7):
 PSYoungGen      total 231424K, used 231411K [0x00000000f0700000, 0x0000000100000000, 0x0000000100000000)
  eden space 208384K, 100% used [0x00000000f0700000,0x00000000fd280000,0x00000000fd280000)
  from space 23040K, 99% used [0x00000000fd280000,0x00000000fe8fcf18,0x00000000fe900000)
  to   space 23552K, 0% used [0x00000000fe900000,0x00000000fe900000,0x0000000100000000)
 ParOldGen       total 141824K, used 76989K [0x00000000d1400000, 0x00000000d9e80000, 0x00000000f0700000)
  object space 141824K, 54% used [0x00000000d1400000,0x00000000d5f2f5c0,0x00000000d9e80000)
 Metaspace       used 41884K, capacity 42456K, committed 42496K, reserved 1085440K
  class space    used 6469K, capacity 6617K, committed 6656K, reserved 1048576K
Event: 27.591 GC heap after
Heap after GC invocations=49 (full 7):
 PSYoungGen      total 225280K, used 12911K [0x00000000f0700000, 0x0000000100000000, 0x0000000100000000)
  eden space 201728K, 0% used [0x00000000f0700000,0x00000000f0700000,0x00000000fcc00000)
  from space 23552K, 54% used [0x00000000fe900000,0x00000000ff59bc10,0x0000000100000000)
  to   space 26624K, 0% used [0x00000000fcc00000,0x00000000fcc00000,0x00000000fe600000)
 ParOldGen       total 141824K, used 99842K [0x00000000d1400000, 0x00000000d9e80000, 0x00000000f0700000)
  object space 141824K, 70% used [0x00000000d1400000,0x00000000d7580be0,0x00000000d9e80000)
 Metaspace       used 41884K, capacity 42456K, committed 42496K, reserved 1085440K
  class space    used 6469K, capacity 6617K, committed 6656K, reserved 1048576K
}
Event: 29.113 GC heap before
{Heap before GC invocations=50 (full 7):
 PSYoungGen      total 225280K, used 214639K [0x00000000f0700000, 0x0000000100000000, 0x0000000100000000)
  eden space 201728K, 100% used [0x00000000f0700000,0x00000000fcc00000,0x00000000fcc00000)
  from space 23552K, 54% used [0x00000000fe900000,0x00000000ff59bc10,0x0000000100000000)
  to   space 26624K, 0% used [0x00000000fcc00000,0x00000000fcc00000,0x00000000fe600000)
 ParOldGen       total 141824K, used 99842K [0x00000000d1400000, 0x00000000d9e80000, 0x00000000f0700000)
  object space 141824K, 70% used [0x00000000d1400000,0x00000000d7580be0,0x00000000d9e80000)
 Metaspace       used 41894K, capacity 42456K, committed 42496K, reserved 1085440K
  class space    used 6469K, capacity 6617K, committed 6656K, reserved 1048576K
Event: 29.223 GC heap after
Heap after GC invocations=50 (full 7):
 PSYoungGen      total 227328K, used 25122K [0x00000000f0700000, 0x0000000100000000, 0x0000000100000000)
  eden space 201728K, 0% used [0x00000000f0700000,0x00000000f0700000,0x00000000fcc00000)
  from space 25600K, 98% used [0x00000000fcc00000,0x00000000fe488a20,0x00000000fe500000)
  to   space 27648K, 0% used [0x00000000fe500000,0x00000000fe500000,0x0000000100000000)
 ParOldGen       total 141824K, used 99842K [0x00000000d1400000, 0x00000000d9e80000, 0x00000000f0700000)
  object space 141824K, 70% used [0x00000000d1400000,0x00000000d7580be0,0x00000000d9e80000)
 Metaspace       used 41894K, capacity 42456K, committed 42496K, reserved 1085440K
  class space    used 6469K, capacity 6617K, committed 6656K, reserved 1048576K
}
Event: 31.158 GC heap before
{Heap before GC invocations=51 (full 7):
 PSYoungGen      total 227328K, used 226850K [0x00000000f0700000, 0x0000000100000000, 0x0000000100000000)
  eden space 201728K, 100% used [0x00000000f0700000,0x00000000fcc00000,0x00000000fcc00000)
  from space 25600K, 98% used [0x00000000fcc00000,0x00000000fe488a20,0x00000000fe500000)
  to   space 27648K, 0% used [0x00000000fe500000,0x00000000fe500000,0x0000000100000000)
 ParOldGen       total 141824K, used 99842K [0x00000000d1400000, 0x00000000d9e80000, 0x00000000f0700000)
  object space 141824K, 70% used [0x00000000d1400000,0x00000000d7580be0,0x00000000d9e80000)
 Metaspace       used 41895K, capacity 42456K, committed 42496K, reserved 1085440K
  class space    used 6469K, capacity 6617K, committed 6656K, reserved 1048576K
Event: 31.339 GC heap after
Heap after GC invocations=51 (full 7):
 PSYoungGen      total 210944K, used 27631K [0x00000000f0700000, 0x0000000100000000, 0x0000000100000000)
  eden space 183296K, 0% used [0x00000000f0700000,0x00000000f0700000,0x00000000fba00000)
  from space 27648K, 99% used [0x00000000fe500000,0x00000000ffffbde8,0x0000000100000000)
  to   space 35840K, 0% used [0x00000000fba00000,0x00000000fba00000,0x00000000fdd00000)
 ParOldGen       total 141824K, used 108720K [0x00000000d1400000, 0x00000000d9e80000, 0x00000000f0700000)
  object space 141824K, 76% used [0x00000000d1400000,0x00000000d7e2c390,0x00000000d9e80000)
 Metaspace       used 41895K, capacity 42456K, committed 42496K, reserved 1085440K
  class space    used 6469K, capacity 6617K, committed 6656K, reserved 1048576K
}
Event: 33.304 GC heap before
{Heap before GC invocations=52 (full 7):
 PSYoungGen      total 210944K, used 210927K [0x00000000f0700000, 0x0000000100000000, 0x0000000100000000)
  eden space 183296K, 100% used [0x00000000f0700000,0x00000000fba00000,0x00000000fba00000)
  from space 27648K, 99% used [0x00000000fe500000,0x00000000ffffbde8,0x0000000100000000)
  to   space 35840K, 0% used [0x00000000fba00000,0x00000000fba00000,0x00000000fdd00000)
 ParOldGen       total 141824K, used 108720K [0x00000000d1400000, 0x00000000d9e80000, 0x00000000f0700000)
  object space 141824K, 76% used [0x00000000d1400000,0x00000000d7e2c390,0x00000000d9e80000)
 Metaspace       used 41904K, capacity 42456K, committed 42496K, reserved 1085440K
  class space    used 6469K, capacity 6617K, committed 6656K, reserved 1048576K
Event: 33.477 GC heap after
Heap after GC invocations=52 (full 7):
 PSYoungGen      total 219136K, used 19785K [0x00000000f0700000, 0x0000000100000000, 0x0000000100000000)
  eden space 183296K, 0% used [0x00000000f0700000,0x00000000f0700000,0x00000000fba00000)
  from space 35840K, 55% used [0x00000000fba00000,0x00000000fcd52760,0x00000000fdd00000)
  to   space 34816K, 0% used [0x00000000fde00000,0x00000000fde00000,0x0000000100000000)
 ParOldGen       total 141824K, used 124480K [0x00000000d1400000, 0x00000000d9e80000, 0x00000000f0700000)
  object space 141824K, 87% used [0x00000000d1400000,0x00000000d8d90390,0x00000000d9e80000)
 Metaspace       used 41904K, capacity 42456K, committed 42496K, reserved 1085440K
  class space    used 6469K, capacity 6617K, committed 6656K, reserved 1048576K
}
Event: 33.479 GC heap before
{Heap before GC invocations=53 (full 8):
 PSYoungGen      total 219136K, used 19785K [0x00000000f0700000, 0x0000000100000000, 0x0000000100000000)
  eden space 183296K, 0% used [0x00000000f0700000,0x00000000f0700000,0x00000000fba00000)
  from space 35840K, 55% used [0x00000000fba00000,0x00000000fcd52760,0x00000000fdd00000)
  to   space 34816K, 0% used [0x00000000fde00000,0x00000000fde00000,0x0000000100000000)
 ParOldGen       total 141824K, used 124480K [0x00000000d1400000, 0x00000000d9e80000, 0x00000000f0700000)
  object space 141824K, 87% used [0x00000000d1400000,0x00000000d8d90390,0x00000000d9e80000)
 Metaspace       used 41904K, capacity 42456K, committed 42496K, reserved 1085440K
  class space    used 6469K, capacity 6617K, committed 6656K, reserved 1048576K

