# JRE version: Java(TM) SE Runtime Environment (8.0_121-b13) (build 1.8.0_121-b13)
# Java VM: Java HotSpot(TM) 64-Bit Server VM (25.121-b13 mixed mode linux-amd64 compressed oops)
Heap:
 PSYoungGen      total 233472K, used 0K [0x00000000f0700000, 0x0000000100000000, 0x0000000100000000)
  eden space 212992K, 0% used [0x00000000f0700000,0x00000000f0700000,0x00000000fd700000)
  from space 20480K, 0% used [0x00000000fd700000,0x00000000fd700000,0x00000000feb00000)
  to   space 20480K, 0% used [0x00000000fec00000,0x00000000fec00000,0x0000000100000000)
 ParOldGen       total 74240K, used 44442K [0x00000000d1400000, 0x00000000d5c80000, 0x00000000f0700000)
  object space 74240K, 59% used [0x00000000d1400000,0x00000000d3f668a0,0x00000000d5c80000)
 Metaspace       used 41459K, capacity 42008K, committed 42240K, reserved 1085440K
  class space    used 6472K, capacity 6617K, committed 6656K, reserved 1048576K
GC Heap History (10 events):
Event: 15.359 GC heap after
Heap after GC invocations=18 (full 3):
 PSYoungGen      total 233472K, used 0K [0x00000000f0700000, 0x0000000100000000, 0x0000000100000000)
  eden space 211968K, 0% used [0x00000000f0700000,0x00000000f0700000,0x00000000fd600000)
  from space 21504K, 0% used [0x00000000fd600000,0x00000000fd600000,0x00000000feb00000)
  to   space 20992K, 0% used [0x00000000feb80000,0x00000000feb80000,0x0000000100000000)
 ParOldGen       total 74240K, used 35375K [0x00000000d1400000, 0x00000000d5c80000, 0x00000000f0700000)
  object space 74240K, 47% used [0x00000000d1400000,0x00000000d368bd70,0x00000000d5c80000)
 Metaspace       used 41310K, capacity 41880K, committed 41984K, reserved 1085440K
  class space    used 6455K, capacity 6617K, committed 6656K, reserved 1048576K
}
Event: 22.656 GC heap before
{Heap before GC invocations=19 (full 3):
 PSYoungGen      total 233472K, used 211968K [0x00000000f0700000, 0x0000000100000000, 0x0000000100000000)
  eden space 211968K, 100% used [0x00000000f0700000,0x00000000fd600000,0x00000000fd600000)
  from space 21504K, 0% used [0x00000000fd600000,0x00000000fd600000,0x00000000feb00000)
  to   space 20992K, 0% used [0x00000000feb80000,0x00000000feb80000,0x0000000100000000)
 ParOldGen       total 74240K, used 35375K [0x00000000d1400000, 0x00000000d5c80000, 0x00000000f0700000)
  object space 74240K, 47% used [0x00000000d1400000,0x00000000d368bd70,0x00000000d5c80000)
 Metaspace       used 41336K, capacity 41944K, committed 41984K, reserved 1085440K
  class space    used 6455K, capacity 6617K, committed 6656K, reserved 1048576K
Event: 22.838 GC heap after
Heap after GC invocations=19 (full 3):
 PSYoungGen      total 232960K, used 11996K [0x00000000f0700000, 0x00000000fff80000, 0x0000000100000000)
  eden space 212480K, 0% used [0x00000000f0700000,0x00000000f0700000,0x00000000fd680000)
  from space 20480K, 58% used [0x00000000feb80000,0x00000000ff7371a0,0x00000000fff80000)
  to   space 20992K, 0% used [0x00000000fd680000,0x00000000fd680000,0x00000000feb00000)
 ParOldGen       total 74240K, used 35383K [0x00000000d1400000, 0x00000000d5c80000, 0x00000000f0700000)
  object space 74240K, 47% used [0x00000000d1400000,0x00000000d368dd70,0x00000000d5c80000)
 Metaspace       used 41336K, capacity 41944K, committed 41984K, reserved 1085440K
  class space    used 6455K, capacity 6617K, committed 6656K, reserved 1048576K
}
Event: 31.080 GC heap before
{Heap before GC invocations=20 (full 3):
 PSYoungGen      total 232960K, used 224476K [0x00000000f0700000, 0x00000000fff80000, 0x0000000100000000)
  eden space 212480K, 100% used [0x00000000f0700000,0x00000000fd680000,0x00000000fd680000)
  from space 20480K, 58% used [0x00000000feb80000,0x00000000ff7371a0,0x00000000fff80000)
  to   space 20992K, 0% used [0x00000000fd680000,0x00000000fd680000,0x00000000feb00000)
 ParOldGen       total 74240K, used 35383K [0x00000000d1400000, 0x00000000d5c80000, 0x00000000f0700000)
  object space 74240K, 47% used [0x00000000d1400000,0x00000000d368dd70,0x00000000d5c80000)
 Metaspace       used 41429K, capacity 42008K, committed 42240K, reserved 1085440K
  class space    used 6472K, capacity 6617K, committed 6656K, reserved 1048576K
Event: 31.223 GC heap after
Heap after GC invocations=20 (full 3):
 PSYoungGen      total 233472K, used 12368K [0x00000000f0700000, 0x0000000100000000, 0x0000000100000000)
  eden space 212480K, 0% used [0x00000000f0700000,0x00000000f0700000,0x00000000fd680000)
  from space 20992K, 58% used [0x00000000fd680000,0x00000000fe294188,0x00000000feb00000)
  to   space 20992K, 0% used [0x00000000feb80000,0x00000000feb80000,0x0000000100000000)
 ParOldGen       total 74240K, used 45799K [0x00000000d1400000, 0x00000000d5c80000, 0x00000000f0700000)
  object space 74240K, 61% used [0x00000000d1400000,0x00000000d40b9d70,0x00000000d5c80000)
 Metaspace       used 41429K, capacity 42008K, committed 42240K, reserved 1085440K
  class space    used 6472K, capacity 6617K, committed 6656K, reserved 1048576K
}
Event: 41.709 GC heap before
{Heap before GC invocations=21 (full 3):
 PSYoungGen      total 233472K, used 224818K [0x00000000f0700000, 0x0000000100000000, 0x0000000100000000)
  eden space 212480K, 99% used [0x00000000f0700000,0x00000000fd6789a8,0x00000000fd680000)
  from space 20992K, 58% used [0x00000000fd680000,0x00000000fe294188,0x00000000feb00000)
  to   space 20992K, 0% used [0x00000000feb80000,0x00000000feb80000,0x0000000100000000)
 ParOldGen       total 74240K, used 45799K [0x00000000d1400000, 0x00000000d5c80000, 0x00000000f0700000)
  object space 74240K, 61% used [0x00000000d1400000,0x00000000d40b9d70,0x00000000d5c80000)
 Metaspace       used 41448K, capacity 42008K, committed 42240K, reserved 1085440K
  class space    used 6472K, capacity 6617K, committed 6656K, reserved 1048576K
Event: 42.149 GC heap after
Heap after GC invocations=21 (full 3):
 PSYoungGen      total 232960K, used 11502K [0x00000000f0700000, 0x00000000fff00000, 0x0000000100000000)
  eden space 212992K, 0% used [0x00000000f0700000,0x00000000f0700000,0x00000000fd700000)
  from space 19968K, 57% used [0x00000000feb80000,0x00000000ff6bb958,0x00000000fff00000)
  to   space 20480K, 0% used [0x00000000fd700000,0x00000000fd700000,0x00000000feb00000)
 ParOldGen       total 74240K, used 56687K [0x00000000d1400000, 0x00000000d5c80000, 0x00000000f0700000)
  object space 74240K, 76% used [0x00000000d1400000,0x00000000d4b5bea0,0x00000000d5c80000)
 Metaspace       used 41448K, capacity 42008K, committed 42240K, reserved 1085440K
  class space    used 6472K, capacity 6617K, committed 6656K, reserved 1048576K
}
Event: 66.903 GC heap before
{Heap before GC invocations=22 (full 3):
 PSYoungGen      total 232960K, used 221399K [0x00000000f0700000, 0x00000000fff00000, 0x0000000100000000)
  eden space 212992K, 98% used [0x00000000f0700000,0x00000000fd3fa560,0x00000000fd700000)
  from space 19968K, 57% used [0x00000000feb80000,0x00000000ff6bb958,0x00000000fff00000)
  to   space 20480K, 0% used [0x00000000fd700000,0x00000000fd700000,0x00000000feb00000)
 ParOldGen       total 74240K, used 56687K [0x00000000d1400000, 0x00000000d5c80000, 0x00000000f0700000)
  object space 74240K, 76% used [0x00000000d1400000,0x00000000d4b5bea0,0x00000000d5c80000)
 Metaspace       used 41459K, capacity 42008K, committed 42240K, reserved 1085440K
  class space    used 6472K, capacity 6617K, committed 6656K, reserved 1048576K
Event: 67.425 GC heap after
Heap after GC invocations=22 (full 3):
 PSYoungGen      total 233472K, used 13102K [0x00000000f0700000, 0x0000000100000000, 0x0000000100000000)
  eden space 212992K, 0% used [0x00000000f0700000,0x00000000f0700000,0x00000000fd700000)
  from space 20480K, 63% used [0x00000000fd700000,0x00000000fe3cbbe0,0x00000000feb00000)
  to   space 20480K, 0% used [0x00000000fec00000,0x00000000fec00000,0x0000000100000000)
 ParOldGen       total 74240K, used 67132K [0x00000000d1400000, 0x00000000d5c80000, 0x00000000f0700000)
  object space 74240K, 90% used [0x00000000d1400000,0x00000000d558f130,0x00000000d5c80000)
 Metaspace       used 41459K, capacity 42008K, committed 42240K, reserved 1085440K
  class space    used 6472K, capacity 6617K, committed 6656K, reserved 1048576K
}
Event: 67.463 GC heap before
{Heap before GC invocations=23 (full 4):
 PSYoungGen      total 233472K, used 13102K [0x00000000f0700000, 0x0000000100000000, 0x0000000100000000)
  eden space 212992K, 0% used [0x00000000f0700000,0x00000000f0700000,0x00000000fd700000)
  from space 20480K, 63% used [0x00000000fd700000,0x00000000fe3cbbe0,0x00000000feb00000)
  to   space 20480K, 0% used [0x00000000fec00000,0x00000000fec00000,0x0000000100000000)
 ParOldGen       total 74240K, used 67132K [0x00000000d1400000, 0x00000000d5c80000, 0x00000000f0700000)
  object space 74240K, 90% used [0x00000000d1400000,0x00000000d558f130,0x00000000d5c80000)
 Metaspace       used 41459K, capacity 42008K, committed 42240K, reserved 1085440K
  class space    used 6472K, capacity 6617K, committed 6656K, reserved 1048576K

