# JRE version: Java(TM) SE Runtime Environment (8.0_121-b13) (build 1.8.0_121-b13)
# Java VM: Java HotSpot(TM) 64-Bit Server VM (25.121-b13 mixed mode linux-amd64 compressed oops)
Heap:
 PSYoungGen      total 220672K, used 8680K [0x00000000f0700000, 0x00000000fe700000, 0x0000000100000000)
  eden space 211968K, 0% used [0x00000000f0700000,0x00000000f0700000,0x00000000fd600000)
  from space 8704K, 99% used [0x00000000fd600000,0x00000000fde7a190,0x00000000fde80000)
  to   space 8192K, 0% used [0x00000000fde80000,0x00000000fde80000,0x00000000fe680000)
 ParOldGen       total 37376K, used 36388K [0x00000000d1400000, 0x00000000d3880000, 0x00000000f0700000)
  object space 37376K, 97% used [0x00000000d1400000,0x00000000d3789378,0x00000000d3880000)
 Metaspace       used 42055K, capacity 42592K, committed 42792K, reserved 1085440K
  class space    used 6489K, capacity 6655K, committed 6704K, reserved 1048576K
GC Heap History (10 events):
Event: 14.951 GC heap after
Heap after GC invocations=24 (full 2):
 PSYoungGen      total 145920K, used 4785K [0x00000000f0700000, 0x00000000f9d80000, 0x0000000100000000)
  eden space 140800K, 0% used [0x00000000f0700000,0x00000000f0700000,0x00000000f9080000)
  from space 5120K, 93% used [0x00000000f9600000,0x00000000f9aac550,0x00000000f9b00000)
  to   space 5632K, 0% used [0x00000000f9080000,0x00000000f9080000,0x00000000f9600000)
 ParOldGen       total 37376K, used 15028K [0x00000000d1400000, 0x00000000d3880000, 0x00000000f0700000)
  object space 37376K, 40% used [0x00000000d1400000,0x00000000d22ad100,0x00000000d3880000)
 Metaspace       used 41517K, capacity 42112K, committed 42280K, reserved 1085440K
  class space    used 6455K, capacity 6623K, committed 6704K, reserved 1048576K
}
Event: 15.716 GC heap before
{Heap before GC invocations=25 (full 2):
 PSYoungGen      total 145920K, used 145585K [0x00000000f0700000, 0x00000000f9d80000, 0x0000000100000000)
  eden space 140800K, 100% used [0x00000000f0700000,0x00000000f9080000,0x00000000f9080000)
  from space 5120K, 93% used [0x00000000f9600000,0x00000000f9aac550,0x00000000f9b00000)
  to   space 5632K, 0% used [0x00000000f9080000,0x00000000f9080000,0x00000000f9600000)
 ParOldGen       total 37376K, used 15028K [0x00000000d1400000, 0x00000000d3880000, 0x00000000f0700000)
  object space 37376K, 40% used [0x00000000d1400000,0x00000000d22ad100,0x00000000d3880000)
 Metaspace       used 41630K, capacity 42176K, committed 42536K, reserved 1085440K
  class space    used 6455K, capacity 6623K, committed 6704K, reserved 1048576K
Event: 15.762 GC heap after
Heap after GC invocations=25 (full 2):
 PSYoungGen      total 146432K, used 4516K [0x00000000f0700000, 0x00000000fbf80000, 0x0000000100000000)
  eden space 140800K, 0% used [0x00000000f0700000,0x00000000f0700000,0x00000000f9080000)
  from space 5632K, 80% used [0x00000000f9080000,0x00000000f94e90b0,0x00000000f9600000)
  to   space 5632K, 0% used [0x00000000fba00000,0x00000000fba00000,0x00000000fbf80000)
 ParOldGen       total 37376K, used 18493K [0x00000000d1400000, 0x00000000d3880000, 0x00000000f0700000)
  object space 37376K, 49% used [0x00000000d1400000,0x00000000d260f5b0,0x00000000d3880000)
 Metaspace       used 41630K, capacity 42176K, committed 42536K, reserved 1085440K
  class space    used 6455K, capacity 6623K, committed 6704K, reserved 1048576K
}
Event: 16.431 GC heap before
{Heap before GC invocations=26 (full 2):
 PSYoungGen      total 146432K, used 145316K [0x00000000f0700000, 0x00000000fbf80000, 0x0000000100000000)
  eden space 140800K, 100% used [0x00000000f0700000,0x00000000f9080000,0x00000000f9080000)
  from space 5632K, 80% used [0x00000000f9080000,0x00000000f94e90b0,0x00000000f9600000)
  to   space 5632K, 0% used [0x00000000fba00000,0x00000000fba00000,0x00000000fbf80000)
 ParOldGen       total 37376K, used 18493K [0x00000000d1400000, 0x00000000d3880000, 0x00000000f0700000)
  object space 37376K, 49% used [0x00000000d1400000,0x00000000d260f5b0,0x00000000d3880000)
 Metaspace       used 41736K, capacity 42304K, committed 42536K, reserved 1085440K
  class space    used 6456K, capacity 6623K, committed 6704K, reserved 1048576K
Event: 16.490 GC heap after
Heap after GC invocations=26 (full 2):
 PSYoungGen      total 182784K, used 5029K [0x00000000f0700000, 0x00000000fc200000, 0x0000000100000000)
  eden space 177152K, 0% used [0x00000000f0700000,0x00000000f0700000,0x00000000fb400000)
  from space 5632K, 89% used [0x00000000fba00000,0x00000000fbee94e0,0x00000000fbf80000)
  to   space 6144K, 0% used [0x00000000fb400000,0x00000000fb400000,0x00000000fba00000)
 ParOldGen       total 37376K, used 21336K [0x00000000d1400000, 0x00000000d3880000, 0x00000000f0700000)
  object space 37376K, 57% used [0x00000000d1400000,0x00000000d28d6288,0x00000000d3880000)
 Metaspace       used 41736K, capacity 42304K, committed 42536K, reserved 1085440K
  class space    used 6456K, capacity 6623K, committed 6704K, reserved 1048576K
}
Event: 17.397 GC heap before
{Heap before GC invocations=27 (full 2):
 PSYoungGen      total 182784K, used 182181K [0x00000000f0700000, 0x00000000fc200000, 0x0000000100000000)
  eden space 177152K, 100% used [0x00000000f0700000,0x00000000fb400000,0x00000000fb400000)
  from space 5632K, 89% used [0x00000000fba00000,0x00000000fbee94e0,0x00000000fbf80000)
  to   space 6144K, 0% used [0x00000000fb400000,0x00000000fb400000,0x00000000fba00000)
 ParOldGen       total 37376K, used 21336K [0x00000000d1400000, 0x00000000d3880000, 0x00000000f0700000)
  object space 37376K, 57% used [0x00000000d1400000,0x00000000d28d6288,0x00000000d3880000)
 Metaspace       used 41836K, capacity 42432K, committed 42792K, reserved 1085440K
  class space    used 6463K, capacity 6623K, committed 6704K, reserved 1048576K
Event: 17.434 GC heap after
Heap after GC invocations=27 (full 2):
 PSYoungGen      total 183296K, used 6137K [0x00000000f0700000, 0x00000000fe680000, 0x0000000100000000)
  eden space 177152K, 0% used [0x00000000f0700000,0x00000000f0700000,0x00000000fb400000)
  from space 6144K, 99% used [0x00000000fb400000,0x00000000fb9fe570,0x00000000fba00000)
  to   space 8192K, 0% used [0x00000000fde80000,0x00000000fde80000,0x00000000fe680000)
 ParOldGen       total 37376K, used 25663K [0x00000000d1400000, 0x00000000d3880000, 0x00000000f0700000)
  object space 37376K, 68% used [0x00000000d1400000,0x00000000d2d0fe68,0x00000000d3880000)
 Metaspace       used 41836K, capacity 42432K, committed 42792K, reserved 1085440K
  class space    used 6463K, capacity 6623K, committed 6704K, reserved 1048576K
}
Event: 18.194 GC heap before
{Heap before GC invocations=28 (full 2):
 PSYoungGen      total 183296K, used 181947K [0x00000000f0700000, 0x00000000fe680000, 0x0000000100000000)
  eden space 177152K, 99% used [0x00000000f0700000,0x00000000fb2b0800,0x00000000fb400000)
  from space 6144K, 99% used [0x00000000fb400000,0x00000000fb9fe570,0x00000000fba00000)
  to   space 8192K, 0% used [0x00000000fde80000,0x00000000fde80000,0x00000000fe680000)
 ParOldGen       total 37376K, used 25663K [0x00000000d1400000, 0x00000000d3880000, 0x00000000f0700000)
  object space 37376K, 68% used [0x00000000d1400000,0x00000000d2d0fe68,0x00000000d3880000)
 Metaspace       used 41898K, capacity 42432K, committed 42792K, reserved 1085440K
  class space    used 6464K, capacity 6623K, committed 6704K, reserved 1048576K
Event: 18.236 GC heap after
Heap after GC invocations=28 (full 2):
 PSYoungGen      total 220160K, used 7091K [0x00000000f0700000, 0x00000000fe700000, 0x0000000100000000)
  eden space 211968K, 0% used [0x00000000f0700000,0x00000000f0700000,0x00000000fd600000)
  from space 8192K, 86% used [0x00000000fde80000,0x00000000fe56cc98,0x00000000fe680000)
  to   space 8704K, 0% used [0x00000000fd600000,0x00000000fd600000,0x00000000fde80000)
 ParOldGen       total 37376K, used 30676K [0x00000000d1400000, 0x00000000d3880000, 0x00000000f0700000)
  object space 37376K, 82% used [0x00000000d1400000,0x00000000d31f51a0,0x00000000d3880000)
 Metaspace       used 41898K, capacity 42432K, committed 42792K, reserved 1085440K
  class space    used 6464K, capacity 6623K, committed 6704K, reserved 1048576K
}
Event: 24.778 GC heap before
{Heap before GC invocations=29 (full 2):
 PSYoungGen      total 220160K, used 219059K [0x00000000f0700000, 0x00000000fe700000, 0x0000000100000000)
  eden space 211968K, 100% used [0x00000000f0700000,0x00000000fd600000,0x00000000fd600000)
  from space 8192K, 86% used [0x00000000fde80000,0x00000000fe56cc98,0x00000000fe680000)
  to   space 8704K, 0% used [0x00000000fd600000,0x00000000fd600000,0x00000000fde80000)
 ParOldGen       total 37376K, used 30676K [0x00000000d1400000, 0x00000000d3880000, 0x00000000f0700000)
  object space 37376K, 82% used [0x00000000d1400000,0x00000000d31f51a0,0x00000000d3880000)
 Metaspace       used 42055K, capacity 42592K, committed 42792K, reserved 1085440K
  class space    used 6489K, capacity 6655K, committed 6704K, reserved 1048576K

